#
# There is insufficient memory for the Java Runtime Environment to continue.
# Native memory allocation (mmap) failed to map 250085376 bytes for committing reserved memory.
# Possible reasons:
#   The system is out of physical RAM or swap space
#   In 32 bit mode, the process size limit was hit
# Possible solutions:
#   Reduce memory load on the system
#   Increase physical memory or swap space
#   Check if swap backing store is full
#   Use 64 bit Java on a 64 bit OS
#   Decrease Java heap size (-Xmx/-Xms)
#   Decrease number of Java threads
#   Decrease Java thread stack sizes (-Xss)
#   Set larger code cache with -XX:ReservedCodeCacheSize=
# This output file may be truncated or incomplete.
#
#  Out of Memory Error (os_linux.cpp:2627), pid=4564, tid=0x00007f3db2b67700
#
# JRE version: OpenJDK Runtime Environment (8.0_102-b14) (build 1.8.0_102-b14)
# Java VM: OpenJDK 64-Bit Server VM (25.102-b14 mixed mode linux-amd64 compressed oops)
# Core dump written. Default location: /home/lsonci/Documentos/ATI/core or core.4564
#

---------------  T H R E A D  ---------------

Current thread (0x00007f3dd807d800):  VMThread [stack: 0x00007f3db2a67000,0x00007f3db2b68000] [id=4578]

Stack: [0x00007f3db2a67000,0x00007f3db2b68000],  sp=0x00007f3db2b664b0,  free space=1021k
Native frames: (J=compiled Java code, j=interpreted, Vv=VM code, C=native code)
V  [libjvm.so+0xa63e00]
V  [libjvm.so+0x4c505c]
V  [libjvm.so+0x8b4210]
V  [libjvm.so+0x8ae94e]
V  [libjvm.so+0x928c5e]
V  [libjvm.so+0x929fe3]
V  [libjvm.so+0x926633]
V  [libjvm.so+0x9268dc]
V  [libjvm.so+0x8d83f3]
V  [libjvm.so+0xa65a12]
V  [libjvm.so+0xa6aa37]
V  [libjvm.so+0xa682c6]
V  [libjvm.so+0xa69646]
V  [libjvm.so+0xa69b41]
V  [libjvm.so+0x8b17d2]

VM_Operation (0x00007f3daa34f360): ParallelGCFailedAllocation, mode: safepoint, requested by thread 0x00007f3dd83b4800


---------------  P R O C E S S  ---------------

Java Threads: ( => current thread )
  0x00007f3d6001b000 JavaThread "TimerQueue" daemon [_thread_blocked, id=4598, stack(0x00007f3da9e50000,0x00007f3da9f51000)]
  0x00007f3dd8007800 JavaThread "DestroyJavaVM" [_thread_blocked, id=4569, stack(0x00007f3ddfd52000,0x00007f3ddfe53000)]
  0x00007f3dd83b4800 JavaThread "AWT-EventQueue-0" [_thread_blocked, id=4593, stack(0x00007f3daa252000,0x00007f3daa353000)]
  0x00007f3dd83b2800 JavaThread "AWT-Shutdown" [_thread_blocked, id=4592, stack(0x00007f3daa353000,0x00007f3daa454000)]
  0x00007f3dd82a7800 JavaThread "AWT-XAWT" daemon [_thread_in_native, id=4590, stack(0x00007f3daab7d000,0x00007f3daac7e000)]
  0x00007f3dd827e800 JavaThread "Java2D Disposer" daemon [_thread_blocked, id=4589, stack(0x00007f3dab08f000,0x00007f3dab190000)]
  0x00007f3dd80d0000 JavaThread "Service Thread" daemon [_thread_blocked, id=4586, stack(0x00007f3db207d000,0x00007f3db217e000)]
  0x00007f3dd80c4800 JavaThread "C1 CompilerThread3" daemon [_thread_blocked, id=4585, stack(0x00007f3db217e000,0x00007f3db227f000)]
  0x00007f3dd80c2800 JavaThread "C2 CompilerThread2" daemon [_thread_blocked, id=4584, stack(0x00007f3db227f000,0x00007f3db2380000)]
  0x00007f3dd80c0800 JavaThread "C2 CompilerThread1" daemon [_thread_blocked, id=4583, stack(0x00007f3db2380000,0x00007f3db2481000)]
  0x00007f3dd80be000 JavaThread "C2 CompilerThread0" daemon [_thread_blocked, id=4582, stack(0x00007f3db2481000,0x00007f3db2582000)]
  0x00007f3dd80bc800 JavaThread "Signal Dispatcher" daemon [_thread_blocked, id=4581, stack(0x00007f3db2582000,0x00007f3db2683000)]
  0x00007f3dd8089800 JavaThread "Finalizer" daemon [_thread_blocked, id=4580, stack(0x00007f3db2865000,0x00007f3db2966000)]
  0x00007f3dd8085000 JavaThread "Reference Handler" daemon [_thread_blocked, id=4579, stack(0x00007f3db2966000,0x00007f3db2a67000)]

Other Threads:
=>0x00007f3dd807d800 VMThread [stack: 0x00007f3db2a67000,0x00007f3db2b68000] [id=4578]
  0x00007f3dd80d2000 WatcherThread [stack: 0x00007f3db1f7c000,0x00007f3db207d000] [id=4587]

VM state:at safepoint (normal execution)

VM Mutex/Monitor currently owned by a thread:  ([mutex/lock_event])
[0x00007f3dd8006470] Threads_lock - owner thread: 0x00007f3dd807d800
[0x00007f3dd8006970] Heap_lock - owner thread: 0x00007f3dd83b4800

Heap:
 PSYoungGen      total 413696K, used 1472K [0x00000000d6d80000, 0x00000000f0880000, 0x0000000100000000)
  eden space 406528K, 0% used [0x00000000d6d80000,0x00000000d6d80000,0x00000000efa80000)
  from space 7168K, 20% used [0x00000000efa80000,0x00000000efbf0050,0x00000000f0180000)
  to   space 7168K, 0% used [0x00000000f0180000,0x00000000f0180000,0x00000000f0880000)
 ParOldGen       total 84992K, used 7886K [0x0000000084800000, 0x0000000089b00000, 0x00000000d6d80000)
  object space 84992K, 9% used [0x0000000084800000,0x0000000084fb3920,0x0000000089b00000)
 Metaspace       used 17634K, capacity 17872K, committed 18176K, reserved 1064960K
  class space    used 2197K, capacity 2296K, committed 2304K, reserved 1048576K

Card table byte_map: [0x00007f3ddce8b000,0x00007f3ddd268000] byte_map_base: 0x00007f3ddca67000

Marking Bits: (ParMarkBitMap*) 0x00007f3ddf0a7860
 Begin Bits: [0x00007f3db8240000, 0x00007f3dba120000)
 End Bits:   [0x00007f3dba120000, 0x00007f3dbc000000)

Polling page: 0x00007f3ddfec5000

CodeCache: size=245760Kb used=9944Kb max_used=10090Kb free=235815Kb
 bounds [0x00007f3dc9000000, 0x00007f3dc9a00000, 0x00007f3dd8000000]
 total_blobs=3564 nmethods=2959 adapters=517
 compilation: enabled

Compilation events (10 events):
Event: 488,486 Thread 0x00007f3dd80c4800 3448       3       java.lang.StringBuilder::append (10 bytes)
Event: 488,486 Thread 0x00007f3dd80c4800 nmethod 3448 0x00007f3dc95d7690 code [0x00007f3dc95d7800, 0x00007f3dc95d7988]
Event: 488,604 Thread 0x00007f3dd80c4800 3449       3       javax.swing.plaf.basic.BasicSliderUI::recalculateIfInsetsChanged (29 bytes)
Event: 488,605 Thread 0x00007f3dd80c4800 nmethod 3449 0x00007f3dc94e0790 code [0x00007f3dc94e09e0, 0x00007f3dc94e1ac8]
Event: 488,605 Thread 0x00007f3dd80c4800 3450       3       javax.swing.plaf.metal.OceanTheme::getSecondary2 (4 bytes)
Event: 488,605 Thread 0x00007f3dd80c4800 nmethod 3450 0x00007f3dc95d85d0 code [0x00007f3dc95d8740, 0x00007f3dc95d8890]
Event: 488,694 Thread 0x00007f3dd80c2800 3451       4       sun.java2d.pipe.DrawImage::copyImage (60 bytes)
Event: 488,694 Thread 0x00007f3dd80c4800 3452       3       java.util.concurrent.ConcurrentHashMap::tableSizeFor (59 bytes)
Event: 488,694 Thread 0x00007f3dd80c4800 nmethod 3452 0x00007f3dc95d71d0 code [0x00007f3dc95d7340, 0x00007f3dc95d7550]
Event: 488,697 Thread 0x00007f3dd80c2800 nmethod 3451 0x00007f3dc94dc850 code [0x00007f3dc94dca00, 0x00007f3dc94dcf58]

GC Heap History (10 events):
Event: 38,416 GC heap after
Heap after GC invocations=6 (full 0):
 PSYoungGen      total 134656K, used 4160K [0x00000000d6d80000, 0x00000000df880000, 0x0000000100000000)
  eden space 126976K, 0% used [0x00000000d6d80000,0x00000000d6d80000,0x00000000de980000)
  from space 7680K, 54% used [0x00000000df100000,0x00000000df510060,0x00000000df880000)
  to   space 7680K, 0% used [0x00000000de980000,0x00000000de980000,0x00000000df100000)
 ParOldGen       total 84992K, used 2112K [0x0000000084800000, 0x0000000089b00000, 0x00000000d6d80000)
  object space 84992K, 2% used [0x0000000084800000,0x0000000084a10080,0x0000000089b00000)
 Metaspace       used 16732K, capacity 17022K, committed 17408K, reserved 1064960K
  class space    used 2152K, capacity 2229K, committed 2304K, reserved 1048576K
}
Event: 53,289 GC heap before
{Heap before GC invocations=7 (full 0):
 PSYoungGen      total 134656K, used 131136K [0x00000000d6d80000, 0x00000000df880000, 0x0000000100000000)
  eden space 126976K, 100% used [0x00000000d6d80000,0x00000000de980000,0x00000000de980000)
  from space 7680K, 54% used [0x00000000df100000,0x00000000df510060,0x00000000df880000)
  to   space 7680K, 0% used [0x00000000de980000,0x00000000de980000,0x00000000df100000)
 ParOldGen       total 84992K, used 2112K [0x0000000084800000, 0x0000000089b00000, 0x00000000d6d80000)
  object space 84992K, 2% used [0x0000000084800000,0x0000000084a10080,0x0000000089b00000)
 Metaspace       used 16792K, capacity 17086K, committed 17408K, reserved 1064960K
  class space    used 2152K, capacity 2229K, committed 2304K, reserved 1048576K
Event: 53,299 GC heap after
Heap after GC invocations=7 (full 0):
 PSYoungGen      total 134656K, used 1568K [0x00000000d6d80000, 0x00000000e7480000, 0x0000000100000000)
  eden space 126976K, 0% used [0x00000000d6d80000,0x00000000d6d80000,0x00000000de980000)
  from space 7680K, 20% used [0x00000000de980000,0x00000000deb08030,0x00000000df100000)
  to   space 7680K, 0% used [0x00000000e6d00000,0x00000000e6d00000,0x00000000e7480000)
 ParOldGen       total 84992K, used 4514K [0x0000000084800000, 0x0000000089b00000, 0x00000000d6d80000)
  object space 84992K, 5% used [0x0000000084800000,0x0000000084c68900,0x0000000089b00000)
 Metaspace       used 16792K, capacity 17086K, committed 17408K, reserved 1064960K
  class space    used 2152K, capacity 2229K, committed 2304K, reserved 1048576K
}
Event: 205,924 GC heap before
{Heap before GC invocations=8 (full 0):
 PSYoungGen      total 134656K, used 128544K [0x00000000d6d80000, 0x00000000e7480000, 0x0000000100000000)
  eden space 126976K, 100% used [0x00000000d6d80000,0x00000000de980000,0x00000000de980000)
  from space 7680K, 20% used [0x00000000de980000,0x00000000deb08030,0x00000000df100000)
  to   space 7680K, 0% used [0x00000000e6d00000,0x00000000e6d00000,0x00000000e7480000)
 ParOldGen       total 84992K, used 4514K [0x0000000084800000, 0x0000000089b00000, 0x00000000d6d80000)
  object space 84992K, 5% used [0x0000000084800000,0x0000000084c68900,0x0000000089b00000)
 Metaspace       used 17496K, capacity 17738K, committed 17920K, reserved 1064960K
  class space    used 2195K, capacity 2295K, committed 2304K, reserved 1048576K
Event: 205,933 GC heap after
Heap after GC invocations=8 (full 0):
 PSYoungGen      total 261632K, used 2587K [0x00000000d6d80000, 0x00000000e7480000, 0x0000000100000000)
  eden space 253952K, 0% used [0x00000000d6d80000,0x00000000d6d80000,0x00000000e6580000)
  from space 7680K, 33% used [0x00000000e6d00000,0x00000000e6f86fb8,0x00000000e7480000)
  to   space 7680K, 0% used [0x00000000e6580000,0x00000000e6580000,0x00000000e6d00000)
 ParOldGen       total 84992K, used 4522K [0x0000000084800000, 0x0000000089b00000, 0x00000000d6d80000)
  object space 84992K, 5% used [0x0000000084800000,0x0000000084c6a900,0x0000000089b00000)
 Metaspace       used 17496K, capacity 17738K, committed 17920K, reserved 1064960K
  class space    used 2195K, capacity 2295K, committed 2304K, reserved 1048576K
}
Event: 472,758 GC heap before
{Heap before GC invocations=9 (full 0):
 PSYoungGen      total 261632K, used 256539K [0x00000000d6d80000, 0x00000000e7480000, 0x0000000100000000)
  eden space 253952K, 100% used [0x00000000d6d80000,0x00000000e6580000,0x00000000e6580000)
  from space 7680K, 33% used [0x00000000e6d00000,0x00000000e6f86fb8,0x00000000e7480000)
  to   space 7680K, 0% used [0x00000000e6580000,0x00000000e6580000,0x00000000e6d00000)
 ParOldGen       total 84992K, used 4522K [0x0000000084800000, 0x0000000089b00000, 0x00000000d6d80000)
  object space 84992K, 5% used [0x0000000084800000,0x0000000084c6a900,0x0000000089b00000)
 Metaspace       used 17582K, capacity 17808K, committed 17920K, reserved 1064960K
  class space    used 2197K, capacity 2296K, committed 2304K, reserved 1048576K
Event: 472,761 GC heap after
Heap after GC invocations=9 (full 0):
 PSYoungGen      total 261632K, used 3936K [0x00000000d6d80000, 0x00000000f0880000, 0x0000000100000000)
  eden space 253952K, 0% used [0x00000000d6d80000,0x00000000d6d80000,0x00000000e6580000)
  from space 7680K, 51% used [0x00000000e6580000,0x00000000e6958030,0x00000000e6d00000)
  to   space 7168K, 0% used [0x00000000f0180000,0x00000000f0180000,0x00000000f0880000)
 ParOldGen       total 84992K, used 5338K [0x0000000084800000, 0x0000000089b00000, 0x00000000d6d80000)
  object space 84992K, 6% used [0x0000000084800000,0x0000000084d36900,0x0000000089b00000)
 Metaspace       used 17582K, capacity 17808K, committed 17920K, reserved 1064960K
  class space    used 2197K, capacity 2296K, committed 2304K, reserved 1048576K
}
Event: 478,173 GC heap before
{Heap before GC invocations=10 (full 0):
 PSYoungGen      total 261632K, used 257888K [0x00000000d6d80000, 0x00000000f0880000, 0x0000000100000000)
  eden space 253952K, 100% used [0x00000000d6d80000,0x00000000e6580000,0x00000000e6580000)
  from space 7680K, 51% used [0x00000000e6580000,0x00000000e6958030,0x00000000e6d00000)
  to   space 7168K, 0% used [0x00000000f0180000,0x00000000f0180000,0x00000000f0880000)
 ParOldGen       total 84992K, used 5338K [0x0000000084800000, 0x0000000089b00000, 0x00000000d6d80000)
  object space 84992K, 6% used [0x0000000084800000,0x0000000084d36900,0x0000000089b00000)
 Metaspace       used 17616K, capacity 17872K, committed 18176K, reserved 1064960K
  class space    used 2197K, capacity 2296K, committed 2304K, reserved 1048576K
Event: 478,175 GC heap after
Heap after GC invocations=10 (full 0):
 PSYoungGen      total 413696K, used 3200K [0x00000000d6d80000, 0x00000000f0880000, 0x0000000100000000)
  eden space 406528K, 0% used [0x00000000d6d80000,0x00000000d6d80000,0x00000000efa80000)
  from space 7168K, 44% used [0x00000000f0180000,0x00000000f04a0050,0x00000000f0880000)
  to   space 7168K, 0% used [0x00000000efa80000,0x00000000efa80000,0x00000000f0180000)
 ParOldGen       total 84992K, used 5702K [0x0000000084800000, 0x0000000089b00000, 0x00000000d6d80000)
  object space 84992K, 6% used [0x0000000084800000,0x0000000084d91920,0x0000000089b00000)
 Metaspace       used 17616K, capacity 17872K, committed 18176K, reserved 1064960K
  class space    used 2197K, capacity 2296K, committed 2304K, reserved 1048576K
}
Event: 488,751 GC heap before
{Heap before GC invocations=11 (full 0):
 PSYoungGen      total 413696K, used 409728K [0x00000000d6d80000, 0x00000000f0880000, 0x0000000100000000)
  eden space 406528K, 100% used [0x00000000d6d80000,0x00000000efa80000,0x00000000efa80000)
  from space 7168K, 44% used [0x00000000f0180000,0x00000000f04a0050,0x00000000f0880000)
  to   space 7168K, 0% used [0x00000000efa80000,0x00000000efa80000,0x00000000f0180000)
 ParOldGen       total 84992K, used 5702K [0x0000000084800000, 0x0000000089b00000, 0x00000000d6d80000)
  object space 84992K, 6% used [0x0000000084800000,0x0000000084d91920,0x0000000089b00000)
 Metaspace       used 17634K, capacity 17872K, committed 18176K, reserved 1064960K
  class space    used 2197K, capacity 2296K, committed 2304K, reserved 1048576K

Deoptimization events (10 events):
Event: 169,679 Thread 0x00007f3dd83b4800 Uncommon trap: reason=unstable_if action=reinterpret pc=0x00007f3dc9631b20 method=java.awt.image.ComponentColorModel.getAlpha(Ljava/lang/Object;)I @ 4
Event: 176,124 Thread 0x00007f3dd83b4800 Uncommon trap: reason=bimorphic action=maybe_recompile pc=0x00007f3dc91d33f0 method=java.awt.LightweightDispatcher.eventDispatched(Ljava/awt/AWTEvent;)V @ 70
Event: 176,124 Thread 0x00007f3dd83b4800 Uncommon trap: reason=bimorphic action=maybe_recompile pc=0x00007f3dc91d33f0 method=java.awt.LightweightDispatcher.eventDispatched(Ljava/awt/AWTEvent;)V @ 70
Event: 176,140 Thread 0x00007f3dd83b4800 Uncommon trap: reason=bimorphic action=maybe_recompile pc=0x00007f3dc91d33f0 method=java.awt.LightweightDispatcher.eventDispatched(Ljava/awt/AWTEvent;)V @ 70
Event: 176,140 Thread 0x00007f3dd83b4800 Uncommon trap: reason=bimorphic action=maybe_recompile pc=0x00007f3dc91d33f0 method=java.awt.LightweightDispatcher.eventDispatched(Ljava/awt/AWTEvent;)V @ 70
Event: 185,604 Thread 0x00007f3dd82a7800 Uncommon trap: reason=unstable_if action=reinterpret pc=0x00007f3dc992ea24 method=sun.awt.X11.XToolkit.processGlobalMotionEvent(Lsun/awt/X11/XEvent;)V @ 21
Event: 187,045 Thread 0x00007f3dd83b4800 Uncommon trap: reason=unstable_if action=reinterpret pc=0x00007f3dc96f9830 method=javax.swing.SwingUtilities.computeIntersection(IIIILjava/awt/Rectangle;)Ljava/awt/Rectangle; @ 151
Event: 200,897 Thread 0x00007f3dd83b4800 Uncommon trap: reason=unstable_if action=reinterpret pc=0x00007f3dc92eb5f0 method=java.util.IdentityHashMap.isEmpty()Z @ 4
Event: 205,921 Thread 0x00007f3dd83b4800 Uncommon trap: reason=unstable_if action=reinterpret pc=0x00007f3dc922bec8 method=keypoints.Keypoints.harris(Lview/panels/ImagePanel;Lmasks/SquareMask;IDLjava/awt/image/BufferedImage;)V @ 85
Event: 205,957 Thread 0x00007f3dd83b4800 Uncommon trap: reason=unstable_if action=reinterpret pc=0x00007f3dc91eb540 method=keypoints.Keypoints.cim([[D[[D[[D)[[D @ 112

Internal exceptions (10 events):
Event: 192,116 Thread 0x00007f3dd83b4800 Exception <a 'java/lang/UnsupportedOperationException': > (0x00000000ddd851b0) thrown at [/build/java8-openjdk/src/jdk8u-jdk8u102-b14/hotspot/src/share/vm/prims/jni.cpp, line 735]
Event: 200,897 Thread 0x00007f3dd83b4800 Exception <a 'java/lang/NullPointerException'> (0x00000000de21dd10) thrown at [/build/java8-openjdk/src/jdk8u-jdk8u102-b14/hotspot/src/share/vm/prims/jvm.cpp, line 1390]
Event: 200,897 Thread 0x00007f3dd83b4800 Exception <a 'java/lang/NullPointerException'> (0x00000000de21dd10) thrown at [/build/java8-openjdk/src/jdk8u-jdk8u102-b14/hotspot/src/share/vm/prims/jvm.cpp, line 1390]
Event: 206,006 Thread 0x00007f3dd83b4800 Exception <a 'java/lang/UnsupportedOperationException': > (0x00000000dc3749e0) thrown at [/build/java8-openjdk/src/jdk8u-jdk8u102-b14/hotspot/src/share/vm/prims/jni.cpp, line 735]
Event: 223,855 Thread 0x00007f3dd83b4800 Exception <a 'java/lang/UnsupportedOperationException': > (0x00000000dc491550) thrown at [/build/java8-openjdk/src/jdk8u-jdk8u102-b14/hotspot/src/share/vm/prims/jni.cpp, line 735]
Event: 233,048 Thread 0x00007f3dd83b4800 Exception <a 'java/lang/NullPointerException'> (0x0000000084ae8410) thrown at [/build/java8-openjdk/src/jdk8u-jdk8u102-b14/hotspot/src/share/vm/prims/jvm.cpp, line 1390]
Event: 233,048 Thread 0x00007f3dd83b4800 Exception <a 'java/lang/NullPointerException'> (0x0000000084ae8410) thrown at [/build/java8-openjdk/src/jdk8u-jdk8u102-b14/hotspot/src/share/vm/prims/jvm.cpp, line 1390]
Event: 237,330 Thread 0x00007f3dd83b4800 Exception <a 'java/lang/UnsupportedOperationException': > (0x00000000e22d56d0) thrown at [/build/java8-openjdk/src/jdk8u-jdk8u102-b14/hotspot/src/share/vm/prims/jni.cpp, line 735]
Event: 466,239 Thread 0x00007f3dd83b4800 Exception <a 'java/lang/UnsupportedOperationException': > (0x00000000e239cb88) thrown at [/build/java8-openjdk/src/jdk8u-jdk8u102-b14/hotspot/src/share/vm/prims/jni.cpp, line 735]
Event: 472,818 Thread 0x00007f3dd83b4800 Exception <a 'java/lang/UnsupportedOperationException': > (0x00000000d88a30e8) thrown at [/build/java8-openjdk/src/jdk8u-jdk8u102-b14/hotspot/src/share/vm/prims/jni.cpp, line 735]

Events (10 events):
Event: 472,769 Thread 0x00007f3dd80c4800 flushing nmethod 0x00007f3dc9961250
Event: 472,771 Executing VM operation: RevokeBias
Event: 472,771 Executing VM operation: RevokeBias done
Event: 472,772 Executing VM operation: BulkRevokeBias
Event: 472,772 Executing VM operation: BulkRevokeBias done
Event: 472,779 Executing VM operation: BulkRevokeBias
Event: 472,779 Executing VM operation: BulkRevokeBias done
Event: 478,173 Executing VM operation: ParallelGCFailedAllocation
Event: 478,175 Executing VM operation: ParallelGCFailedAllocation done
Event: 488,751 Executing VM operation: ParallelGCFailedAllocation


Dynamic libraries:
00400000-00401000 r-xp 00000000 00:13 2852898                            /usr/lib/jvm/java-8-openjdk/jre/bin/java
00600000-00601000 rw-p 00000000 00:13 2852898                            /usr/lib/jvm/java-8-openjdk/jre/bin/java
025dc000-025fd000 rw-p 00000000 00:00 0                                  [heap]
84800000-89b00000 rw-p 00000000 00:00 0 
89b00000-d6d80000 ---p 00000000 00:00 0 
d6d80000-f0880000 rw-p 00000000 00:00 0 
ff700000-100000000 ---p 00000000 00:00 0 
100000000-100240000 rw-p 00000000 00:00 0 
100240000-140000000 ---p 00000000 00:00 0 
7f3d4c000000-7f3d4c021000 rw-p 00000000 00:00 0 
7f3d4c021000-7f3d50000000 ---p 00000000 00:00 0 
7f3d54000000-7f3d54021000 rw-p 00000000 00:00 0 
7f3d54021000-7f3d58000000 ---p 00000000 00:00 0 
7f3d58000000-7f3d58021000 rw-p 00000000 00:00 0 
7f3d58021000-7f3d5c000000 ---p 00000000 00:00 0 
7f3d5c000000-7f3d5c021000 rw-p 00000000 00:00 0 
7f3d5c021000-7f3d60000000 ---p 00000000 00:00 0 
7f3d60000000-7f3d600e3000 rw-p 00000000 00:00 0 
7f3d600e3000-7f3d64000000 ---p 00000000 00:00 0 
7f3d64000000-7f3d64021000 rw-p 00000000 00:00 0 
7f3d64021000-7f3d68000000 ---p 00000000 00:00 0 
7f3d68000000-7f3d68021000 rw-p 00000000 00:00 0 
7f3d68021000-7f3d6c000000 ---p 00000000 00:00 0 
7f3d6c000000-7f3d6c021000 rw-p 00000000 00:00 0 
7f3d6c021000-7f3d70000000 ---p 00000000 00:00 0 
7f3d70000000-7f3d70021000 rw-p 00000000 00:00 0 
7f3d70021000-7f3d74000000 ---p 00000000 00:00 0 
7f3d74000000-7f3d744b2000 rw-p 00000000 00:00 0 
7f3d744b2000-7f3d78000000 ---p 00000000 00:00 0 
7f3d78000000-7f3d78021000 rw-p 00000000 00:00 0 
7f3d78021000-7f3d7c000000 ---p 00000000 00:00 0 
7f3d7c000000-7f3d7cd28000 rw-p 00000000 00:00 0 
7f3d7cd28000-7f3d80000000 ---p 00000000 00:00 0 
7f3d80000000-7f3d81469000 rw-p 00000000 00:00 0 
7f3d81469000-7f3d84000000 ---p 00000000 00:00 0 
7f3d84000000-7f3d84021000 rw-p 00000000 00:00 0 
7f3d84021000-7f3d88000000 ---p 00000000 00:00 0 
7f3d88000000-7f3d88e48000 rw-p 00000000 00:00 0 
7f3d88e48000-7f3d8c000000 ---p 00000000 00:00 0 
7f3d8c000000-7f3d8c021000 rw-p 00000000 00:00 0 
7f3d8c021000-7f3d90000000 ---p 00000000 00:00 0 
7f3d90000000-7f3d90021000 rw-p 00000000 00:00 0 
7f3d90021000-7f3d94000000 ---p 00000000 00:00 0 
7f3d94000000-7f3d94021000 rw-p 00000000 00:00 0 
7f3d94021000-7f3d98000000 ---p 00000000 00:00 0 
7f3d98000000-7f3d98029000 rw-p 00000000 00:00 0 
7f3d98029000-7f3d9c000000 ---p 00000000 00:00 0 
7f3d9c000000-7f3d9c021000 rw-p 00000000 00:00 0 
7f3d9c021000-7f3da0000000 ---p 00000000 00:00 0 
7f3da4000000-7f3da4021000 rw-p 00000000 00:00 0 
7f3da4021000-7f3da8000000 ---p 00000000 00:00 0 
7f3da9950000-7f3da9ad0000 rw-p 00000000 00:00 0 
7f3da9ad0000-7f3da9b50000 ---p 00000000 00:00 0 
7f3da9b50000-7f3da9d50000 rw-p 00000000 00:00 0 
7f3da9d88000-7f3da9e50000 rw-s 00000000 00:01 2228227                    /SYSV00000000 (deleted)
7f3da9e50000-7f3da9e53000 ---p 00000000 00:00 0 
7f3da9e53000-7f3da9f51000 rw-p 00000000 00:00 0                          [stack:4598]
7f3da9f51000-7f3da9f54000 ---p 00000000 00:00 0 
7f3da9f54000-7f3daa252000 rw-p 00000000 00:00 0 
7f3daa252000-7f3daa255000 ---p 00000000 00:00 0 
7f3daa255000-7f3daa353000 rw-p 00000000 00:00 0                          [stack:4593]
7f3daa353000-7f3daa356000 ---p 00000000 00:00 0 
7f3daa356000-7f3daa454000 rw-p 00000000 00:00 0                          [stack:4592]
7f3daa454000-7f3daa457000 ---p 00000000 00:00 0 
7f3daa457000-7f3daa555000 rw-p 00000000 00:00 0 
7f3daa555000-7f3daa566000 r-xp 00000000 00:13 2852860                    /usr/lib/jvm/java-8-openjdk/jre/lib/amd64/libnio.so
7f3daa566000-7f3daa765000 ---p 00011000 00:13 2852860                    /usr/lib/jvm/java-8-openjdk/jre/lib/amd64/libnio.so
7f3daa765000-7f3daa766000 rw-p 00010000 00:13 2852860                    /usr/lib/jvm/java-8-openjdk/jre/lib/amd64/libnio.so
7f3daa766000-7f3daa77c000 r-xp 00000000 00:13 1343030                    /usr/lib/jvm/java-8-openjdk/jre/lib/amd64/libnet.so
7f3daa77c000-7f3daa97c000 ---p 00016000 00:13 1343030                    /usr/lib/jvm/java-8-openjdk/jre/lib/amd64/libnet.so
7f3daa97c000-7f3daa97d000 rw-p 00016000 00:13 1343030                    /usr/lib/jvm/java-8-openjdk/jre/lib/amd64/libnet.so
7f3daa97d000-7f3daab7d000 rw-p 00000000 00:00 0 
7f3daab7d000-7f3daab80000 ---p 00000000 00:00 0 
7f3daab80000-7f3daac7e000 rw-p 00000000 00:00 0                          [stack:4590]
7f3daac7e000-7f3daac83000 r-xp 00000000 00:13 1917070                    /usr/lib/libXfixes.so.3.1.0
7f3daac83000-7f3daae82000 ---p 00005000 00:13 1917070                    /usr/lib/libXfixes.so.3.1.0
7f3daae82000-7f3daae83000 r--p 00004000 00:13 1917070                    /usr/lib/libXfixes.so.3.1.0
7f3daae83000-7f3daae84000 rw-p 00005000 00:13 1917070                    /usr/lib/libXfixes.so.3.1.0
7f3daae84000-7f3daae8e000 r-xp 00000000 00:13 1472502                    /usr/lib/libXcursor.so.1.0.2
7f3daae8e000-7f3dab08d000 ---p 0000a000 00:13 1472502                    /usr/lib/libXcursor.so.1.0.2
7f3dab08d000-7f3dab08e000 r--p 00009000 00:13 1472502                    /usr/lib/libXcursor.so.1.0.2
7f3dab08e000-7f3dab08f000 rw-p 0000a000 00:13 1472502                    /usr/lib/libXcursor.so.1.0.2
7f3dab08f000-7f3dab092000 ---p 00000000 00:00 0 
7f3dab092000-7f3dab190000 rw-p 00000000 00:00 0                          [stack:4589]
7f3dab190000-7f3dab202000 r-xp 00000000 00:13 699256                     /usr/lib/libpcre.so.1.2.7
7f3dab202000-7f3dab401000 ---p 00072000 00:13 699256                     /usr/lib/libpcre.so.1.2.7
7f3dab401000-7f3dab402000 r--p 00071000 00:13 699256                     /usr/lib/libpcre.so.1.2.7
7f3dab402000-7f3dab403000 rw-p 00072000 00:13 699256                     /usr/lib/libpcre.so.1.2.7
7f3dab403000-7f3dab42d000 r-xp 00000000 00:13 1269596                    /usr/lib/libgraphite2.so.3.0.1
7f3dab42d000-7f3dab62c000 ---p 0002a000 00:13 1269596                    /usr/lib/libgraphite2.so.3.0.1
7f3dab62c000-7f3dab62e000 r--p 00029000 00:13 1269596                    /usr/lib/libgraphite2.so.3.0.1
7f3dab62e000-7f3dab62f000 rw-p 0002b000 00:13 1269596                    /usr/lib/libgraphite2.so.3.0.1
7f3dab62f000-7f3dab73c000 r-xp 00000000 00:13 1334646                    /usr/lib/libglib-2.0.so.0.4800.1
7f3dab73c000-7f3dab93b000 ---p 0010d000 00:13 1334646                    /usr/lib/libglib-2.0.so.0.4800.1
7f3dab93b000-7f3dab93c000 r--p 0010c000 00:13 1334646                    /usr/lib/libglib-2.0.so.0.4800.1
7f3dab93c000-7f3dab93d000 rw-p 0010d000 00:13 1334646                    /usr/lib/libglib-2.0.so.0.4800.1
7f3dab93d000-7f3dab93e000 rw-p 00000000 00:00 0 
7f3dab93e000-7f3dab9b8000 r-xp 00000000 00:13 767452                     /usr/lib/libharfbuzz.so.0.10300.0
7f3dab9b8000-7f3dabbb8000 ---p 0007a000 00:13 767452                     /usr/lib/libharfbuzz.so.0.10300.0
7f3dabbb8000-7f3dabbb9000 r--p 0007a000 00:13 767452                     /usr/lib/libharfbuzz.so.0.10300.0
7f3dabbb9000-7f3dabbba000 rw-p 0007b000 00:13 767452                     /usr/lib/libharfbuzz.so.0.10300.0
7f3dabbba000-7f3dabbee000 r-xp 00000000 00:13 703984                     /usr/lib/libpng16.so.16.24.0
7f3dabbee000-7f3dabdee000 ---p 00034000 00:13 703984                     /usr/lib/libpng16.so.16.24.0
7f3dabdee000-7f3dabdef000 r--p 00034000 00:13 703984                     /usr/lib/libpng16.so.16.24.0
7f3dabdef000-7f3dabdf0000 rw-p 00035000 00:13 703984                     /usr/lib/libpng16.so.16.24.0
7f3dabdf0000-7f3dabdff000 r-xp 00000000 00:13 923312                     /usr/lib/libbz2.so.1.0.6
7f3dabdff000-7f3dabffe000 ---p 0000f000 00:13 923312                     /usr/lib/libbz2.so.1.0.6
7f3dabffe000-7f3dac000000 rw-p 0000e000 00:13 923312                     /usr/lib/libbz2.so.1.0.6
7f3dac000000-7f3dac021000 rw-p 00000000 00:00 0 
7f3dac021000-7f3db0000000 ---p 00000000 00:00 0 
7f3db0095000-7f3db00ab000 r-xp 00000000 00:13 752054                     /usr/lib/libgcc_s.so.1
7f3db00ab000-7f3db02aa000 ---p 00016000 00:13 752054                     /usr/lib/libgcc_s.so.1
7f3db02aa000-7f3db02ab000 r--p 00015000 00:13 752054                     /usr/lib/libgcc_s.so.1
7f3db02ab000-7f3db02ac000 rw-p 00016000 00:13 752054                     /usr/lib/libgcc_s.so.1
7f3db02ac000-7f3db0362000 r-xp 00000000 00:13 2693870                    /usr/lib/libfreetype.so.6.12.5
7f3db0362000-7f3db0561000 ---p 000b6000 00:13 2693870                    /usr/lib/libfreetype.so.6.12.5
7f3db0561000-7f3db0567000 r--p 000b5000 00:13 2693870                    /usr/lib/libfreetype.so.6.12.5
7f3db0567000-7f3db0568000 rw-p 000bb000 00:13 2693870                    /usr/lib/libfreetype.so.6.12.5
7f3db05d9000-7f3db063b000 r-xp 00000000 00:13 2852870                    /usr/lib/jvm/java-8-openjdk/jre/lib/amd64/libfontmanager.so
7f3db063b000-7f3db083a000 ---p 00062000 00:13 2852870                    /usr/lib/jvm/java-8-openjdk/jre/lib/amd64/libfontmanager.so
7f3db083a000-7f3db083e000 rw-p 00061000 00:13 2852870                    /usr/lib/jvm/java-8-openjdk/jre/lib/amd64/libfontmanager.so
7f3db083e000-7f3db0843000 r-xp 00000000 00:13 1470920                    /usr/lib/libXdmcp.so.6.0.0
7f3db0843000-7f3db0a42000 ---p 00005000 00:13 1470920                    /usr/lib/libXdmcp.so.6.0.0
7f3db0a42000-7f3db0a43000 r--p 00004000 00:13 1470920                    /usr/lib/libXdmcp.so.6.0.0
7f3db0a43000-7f3db0a44000 rw-p 00005000 00:13 1470920                    /usr/lib/libXdmcp.so.6.0.0
7f3db0a44000-7f3db0a46000 r-xp 00000000 00:13 1470926                    /usr/lib/libXau.so.6.0.0
7f3db0a46000-7f3db0c46000 ---p 00002000 00:13 1470926                    /usr/lib/libXau.so.6.0.0
7f3db0c46000-7f3db0c47000 r--p 00002000 00:13 1470926                    /usr/lib/libXau.so.6.0.0
7f3db0c47000-7f3db0c48000 rw-p 00003000 00:13 1470926                    /usr/lib/libXau.so.6.0.0
7f3db0c48000-7f3db0c70000 r-xp 00000000 00:13 658986                     /usr/lib/libxcb.so.1.1.0
7f3db0c70000-7f3db0e6f000 ---p 00028000 00:13 658986                     /usr/lib/libxcb.so.1.1.0
7f3db0e6f000-7f3db0e70000 r--p 00027000 00:13 658986                     /usr/lib/libxcb.so.1.1.0
7f3db0e70000-7f3db0e71000 rw-p 00028000 00:13 658986                     /usr/lib/libxcb.so.1.1.0
7f3db0e71000-7f3db0e80000 r-xp 00000000 00:13 1423934                    /usr/lib/libXi.so.6.1.0
7f3db0e80000-7f3db107f000 ---p 0000f000 00:13 1423934                    /usr/lib/libXi.so.6.1.0
7f3db107f000-7f3db1080000 r--p 0000e000 00:13 1423934                    /usr/lib/libXi.so.6.1.0
7f3db1080000-7f3db1081000 rw-p 0000f000 00:13 1423934                    /usr/lib/libXi.so.6.1.0
7f3db1081000-7f3db1086000 r-xp 00000000 00:13 1472348                    /usr/lib/libXtst.so.6.1.0
7f3db1086000-7f3db1285000 ---p 00005000 00:13 1472348                    /usr/lib/libXtst.so.6.1.0
7f3db1285000-7f3db1286000 r--p 00004000 00:13 1472348                    /usr/lib/libXtst.so.6.1.0
7f3db1286000-7f3db1287000 rw-p 00005000 00:13 1472348                    /usr/lib/libXtst.so.6.1.0
7f3db1287000-7f3db1290000 r-xp 00000000 00:13 1471504                    /usr/lib/libXrender.so.1.3.0
7f3db1290000-7f3db148f000 ---p 00009000 00:13 1471504                    /usr/lib/libXrender.so.1.3.0
7f3db148f000-7f3db1490000 r--p 00008000 00:13 1471504                    /usr/lib/libXrender.so.1.3.0
7f3db1490000-7f3db1491000 rw-p 00009000 00:13 1471504                    /usr/lib/libXrender.so.1.3.0
7f3db1491000-7f3db15cc000 r-xp 00000000 00:13 1471096                    /usr/lib/libX11.so.6.3.0
7f3db15cc000-7f3db17cb000 ---p 0013b000 00:13 1471096                    /usr/lib/libX11.so.6.3.0
7f3db17cb000-7f3db17cd000 r--p 0013a000 00:13 1471096                    /usr/lib/libX11.so.6.3.0
7f3db17cd000-7f3db17d2000 rw-p 0013c000 00:13 1471096                    /usr/lib/libX11.so.6.3.0
7f3db17d2000-7f3db17d3000 rw-p 00000000 00:00 0 
7f3db17d3000-7f3db17e4000 r-xp 00000000 00:13 1471102                    /usr/lib/libXext.so.6.4.0
7f3db17e4000-7f3db19e3000 ---p 00011000 00:13 1471102                    /usr/lib/libXext.so.6.4.0
7f3db19e3000-7f3db19e4000 r--p 00010000 00:13 1471102                    /usr/lib/libXext.so.6.4.0
7f3db19e4000-7f3db19e5000 rw-p 00011000 00:13 1471102                    /usr/lib/libXext.so.6.4.0
7f3db19f7000-7f3db19fa000 ---p 00000000 00:00 0 
7f3db19fa000-7f3db1a30000 rw-p 00000000 00:00 0 
7f3db1a30000-7f3db1a56000 r--p 00000000 00:13 686460                     /usr/share/locale/es/LC_MESSAGES/libc.mo
7f3db1a56000-7f3db1aa9000 r-xp 00000000 00:13 2852868                    /usr/lib/jvm/java-8-openjdk/jre/lib/amd64/libawt_xawt.so
7f3db1aa9000-7f3db1ca9000 ---p 00053000 00:13 2852868                    /usr/lib/jvm/java-8-openjdk/jre/lib/amd64/libawt_xawt.so
7f3db1ca9000-7f3db1cac000 rw-p 00053000 00:13 2852868                    /usr/lib/jvm/java-8-openjdk/jre/lib/amd64/libawt_xawt.so
7f3db1cac000-7f3db1cad000 rw-p 00000000 00:00 0 
7f3db1cad000-7f3db1d4d000 r-xp 00000000 00:13 2852856                    /usr/lib/jvm/java-8-openjdk/jre/lib/amd64/libawt.so
7f3db1d4d000-7f3db1f4c000 ---p 000a0000 00:13 2852856                    /usr/lib/jvm/java-8-openjdk/jre/lib/amd64/libawt.so
7f3db1f4c000-7f3db1f58000 rw-p 0009f000 00:13 2852856                    /usr/lib/jvm/java-8-openjdk/jre/lib/amd64/libawt.so
7f3db1f58000-7f3db1f7c000 rw-p 00000000 00:00 0 
7f3db1f7c000-7f3db1f7d000 ---p 00000000 00:00 0 
7f3db1f7d000-7f3db207d000 rw-p 00000000 00:00 0                          [stack:4587]
7f3db207d000-7f3db2080000 ---p 00000000 00:00 0 
7f3db2080000-7f3db217e000 rw-p 00000000 00:00 0                          [stack:4586]
7f3db217e000-7f3db2181000 ---p 00000000 00:00 0 
7f3db2181000-7f3db227f000 rw-p 00000000 00:00 0                          [stack:4585]
7f3db227f000-7f3db2282000 ---p 00000000 00:00 0 
7f3db2282000-7f3db2380000 rw-p 00000000 00:00 0                          [stack:4584]
7f3db2380000-7f3db2383000 ---p 00000000 00:00 0 
7f3db2383000-7f3db2481000 rw-p 00000000 00:00 0                          [stack:4583]
7f3db2481000-7f3db2484000 ---p 00000000 00:00 0 
7f3db2484000-7f3db2582000 rw-p 00000000 00:00 0                          [stack:4582]
7f3db2582000-7f3db2585000 ---p 00000000 00:00 0 
7f3db2585000-7f3db2683000 rw-p 00000000 00:00 0                          [stack:4581]
7f3db2683000-7f3db2865000 r--p 00000000 00:13 2756614                    /usr/lib/locale/locale-archive
7f3db2865000-7f3db2868000 ---p 00000000 00:00 0 
7f3db2868000-7f3db2966000 rw-p 00000000 00:00 0                          [stack:4580]
7f3db2966000-7f3db2969000 ---p 00000000 00:00 0 
7f3db2969000-7f3db2a67000 rw-p 00000000 00:00 0                          [stack:4579]
7f3db2a67000-7f3db2a68000 ---p 00000000 00:00 0 
7f3db2a68000-7f3db4000000 rw-p 00000000 00:00 0                          [stack:4578]
7f3db4000000-7f3db4021000 rw-p 00000000 00:00 0 
7f3db4021000-7f3db8000000 ---p 00000000 00:00 0 
7f3db800a000-7f3db801d000 r--s 00346000 00:13 770094                     /usr/lib/jvm/java-8-openjdk/jre/lib/resources.jar
7f3db801d000-7f3dbc000000 rw-p 00000000 00:00 0 
7f3dbc000000-7f3dbc021000 rw-p 00000000 00:00 0 
7f3dbc021000-7f3dc0000000 ---p 00000000 00:00 0 
7f3dc0000000-7f3dc0021000 rw-p 00000000 00:00 0 
7f3dc0021000-7f3dc4000000 ---p 00000000 00:00 0 
7f3dc4000000-7f3dc4021000 rw-p 00000000 00:00 0 
7f3dc4021000-7f3dc8000000 ---p 00000000 00:00 0 
7f3dc8001000-7f3dc8007000 r--s 00019000 00:13 224949236                  /home/lsonci/.m2/repository/xerces/xmlParserAPIs/2.6.2/xmlParserAPIs-2.6.2.jar
7f3dc8007000-7f3dc85bc000 rw-p 00000000 00:00 0 
7f3dc85bc000-7f3dc878a000 r--s 03bf0000 00:13 770096                     /usr/lib/jvm/java-8-openjdk/jre/lib/rt.jar
7f3dc878a000-7f3dc9000000 rw-p 00000000 00:00 0 
7f3dc9000000-7f3dc9a00000 rwxp 00000000 00:00 0 
7f3dc9a00000-7f3dd8000000 ---p 00000000 00:00 0 
7f3dd8000000-7f3dd841a000 rw-p 00000000 00:00 0 
7f3dd841a000-7f3ddc000000 ---p 00000000 00:00 0 
7f3ddc000000-7f3ddc014000 r--s 000e3000 00:13 224949232                  /home/lsonci/.m2/repository/xerces/xercesImpl/2.6.2/xercesImpl-2.6.2.jar
7f3ddc014000-7f3ddc3f0000 rw-p 00000000 00:00 0 
7f3ddc3f0000-7f3ddc3f1000 ---p 00000000 00:00 0 
7f3ddc3f1000-7f3ddc4f1000 rw-p 00000000 00:00 0                          [stack:4577]
7f3ddc4f1000-7f3ddc4f2000 ---p 00000000 00:00 0 
7f3ddc4f2000-7f3ddc5f2000 rw-p 00000000 00:00 0                          [stack:4576]
7f3ddc5f2000-7f3ddc5f3000 ---p 00000000 00:00 0 
7f3ddc5f3000-7f3ddc6f3000 rw-p 00000000 00:00 0                          [stack:4575]
7f3ddc6f3000-7f3ddc6f4000 ---p 00000000 00:00 0 
7f3ddc6f4000-7f3ddc7f4000 rw-p 00000000 00:00 0                          [stack:4574]
7f3ddc7f4000-7f3ddc7f5000 ---p 00000000 00:00 0 
7f3ddc7f5000-7f3ddc8f5000 rw-p 00000000 00:00 0                          [stack:4573]
7f3ddc8f5000-7f3ddc8f6000 ---p 00000000 00:00 0 
7f3ddc8f6000-7f3ddc9f6000 rw-p 00000000 00:00 0                          [stack:4572]
7f3ddc9f6000-7f3ddc9f7000 ---p 00000000 00:00 0 
7f3ddc9f7000-7f3ddcaf7000 rw-p 00000000 00:00 0                          [stack:4571]
7f3ddcaf7000-7f3ddcaf8000 ---p 00000000 00:00 0 
7f3ddcaf8000-7f3ddcc22000 rw-p 00000000 00:00 0                          [stack:4570]
7f3ddcc22000-7f3ddce8b000 ---p 00000000 00:00 0 
7f3ddce8b000-7f3ddceb5000 rw-p 00000000 00:00 0 
7f3ddceb5000-7f3ddd11d000 ---p 00000000 00:00 0 
7f3ddd11d000-7f3ddd1ec000 rw-p 00000000 00:00 0 
7f3ddd1ec000-7f3ddd267000 ---p 00000000 00:00 0 
7f3ddd267000-7f3ddd290000 rw-p 00000000 00:00 0 
7f3ddd290000-7f3ddd628000 ---p 00000000 00:00 0 
7f3ddd628000-7f3ddd630000 r-xp 00000000 00:13 1341838                    /usr/lib/jvm/java-8-openjdk/jre/lib/amd64/libzip.so
7f3ddd630000-7f3ddd82f000 ---p 00008000 00:13 1341838                    /usr/lib/jvm/java-8-openjdk/jre/lib/amd64/libzip.so
7f3ddd82f000-7f3ddd830000 rw-p 00007000 00:13 1341838                    /usr/lib/jvm/java-8-openjdk/jre/lib/amd64/libzip.so
7f3ddd830000-7f3ddd85c000 r-xp 00000000 00:13 1341836                    /usr/lib/jvm/java-8-openjdk/jre/lib/amd64/libjava.so
7f3ddd85c000-7f3ddda5c000 ---p 0002c000 00:13 1341836                    /usr/lib/jvm/java-8-openjdk/jre/lib/amd64/libjava.so
7f3ddda5c000-7f3ddda5e000 rw-p 0002c000 00:13 1341836                    /usr/lib/jvm/java-8-openjdk/jre/lib/amd64/libjava.so
7f3ddda5e000-7f3ddda6b000 r-xp 00000000 00:13 1336938                    /usr/lib/jvm/java-8-openjdk/jre/lib/amd64/libverify.so
7f3ddda6b000-7f3dddc6a000 ---p 0000d000 00:13 1336938                    /usr/lib/jvm/java-8-openjdk/jre/lib/amd64/libverify.so
7f3dddc6a000-7f3dddc6c000 rw-p 0000c000 00:13 1336938                    /usr/lib/jvm/java-8-openjdk/jre/lib/amd64/libverify.so
7f3dddc6c000-7f3dddc73000 r-xp 00000000 00:13 702444                     /usr/lib/librt-2.24.so
7f3dddc73000-7f3ddde72000 ---p 00007000 00:13 702444                     /usr/lib/librt-2.24.so
7f3ddde72000-7f3ddde73000 r--p 00006000 00:13 702444                     /usr/lib/librt-2.24.so
7f3ddde73000-7f3ddde74000 rw-p 00007000 00:13 702444                     /usr/lib/librt-2.24.so
7f3ddde74000-7f3dddf77000 r-xp 00000000 00:13 702438                     /usr/lib/libm-2.24.so
7f3dddf77000-7f3dde176000 ---p 00103000 00:13 702438                     /usr/lib/libm-2.24.so
7f3dde176000-7f3dde177000 r--p 00102000 00:13 702438                     /usr/lib/libm-2.24.so
7f3dde177000-7f3dde178000 rw-p 00103000 00:13 702438                     /usr/lib/libm-2.24.so
7f3dde178000-7f3ddedd8000 r-xp 00000000 00:13 2852880                    /usr/lib/jvm/java-8-openjdk/jre/lib/amd64/server/libjvm.so
7f3ddedd8000-7f3ddefd8000 ---p 00c60000 00:13 2852880                    /usr/lib/jvm/java-8-openjdk/jre/lib/amd64/server/libjvm.so
7f3ddefd8000-7f3ddf094000 rw-p 00c60000 00:13 2852880                    /usr/lib/jvm/java-8-openjdk/jre/lib/amd64/server/libjvm.so
7f3ddf094000-7f3ddf0c4000 rw-p 00000000 00:00 0 
7f3ddf0c4000-7f3ddf259000 r-xp 00000000 00:13 702240                     /usr/lib/libc-2.24.so
7f3ddf259000-7f3ddf458000 ---p 00195000 00:13 702240                     /usr/lib/libc-2.24.so
7f3ddf458000-7f3ddf45c000 r--p 00194000 00:13 702240                     /usr/lib/libc-2.24.so
7f3ddf45c000-7f3ddf45e000 rw-p 00198000 00:13 702240                     /usr/lib/libc-2.24.so
7f3ddf45e000-7f3ddf462000 rw-p 00000000 00:00 0 
7f3ddf462000-7f3ddf464000 r-xp 00000000 00:13 702436                     /usr/lib/libdl-2.24.so
7f3ddf464000-7f3ddf664000 ---p 00002000 00:13 702436                     /usr/lib/libdl-2.24.so
7f3ddf664000-7f3ddf665000 r--p 00002000 00:13 702436                     /usr/lib/libdl-2.24.so
7f3ddf665000-7f3ddf666000 rw-p 00003000 00:13 702436                     /usr/lib/libdl-2.24.so
7f3ddf666000-7f3ddf673000 r-xp 00000000 00:13 2852874                    /usr/lib/jvm/java-8-openjdk/jre/lib/amd64/jli/libjli.so
7f3ddf673000-7f3ddf872000 ---p 0000d000 00:13 2852874                    /usr/lib/jvm/java-8-openjdk/jre/lib/amd64/jli/libjli.so
7f3ddf872000-7f3ddf873000 rw-p 0000c000 00:13 2852874                    /usr/lib/jvm/java-8-openjdk/jre/lib/amd64/jli/libjli.so
7f3ddf873000-7f3ddf888000 r-xp 00000000 00:13 923584                     /usr/lib/libz.so.1.2.8
7f3ddf888000-7f3ddfa87000 ---p 00015000 00:13 923584                     /usr/lib/libz.so.1.2.8
7f3ddfa87000-7f3ddfa88000 r--p 00014000 00:13 923584                     /usr/lib/libz.so.1.2.8
7f3ddfa88000-7f3ddfa89000 rw-p 00015000 00:13 923584                     /usr/lib/libz.so.1.2.8
7f3ddfa89000-7f3ddfaa1000 r-xp 00000000 00:13 702186                     /usr/lib/libpthread-2.24.so
7f3ddfaa1000-7f3ddfca0000 ---p 00018000 00:13 702186                     /usr/lib/libpthread-2.24.so
7f3ddfca0000-7f3ddfca1000 r--p 00017000 00:13 702186                     /usr/lib/libpthread-2.24.so
7f3ddfca1000-7f3ddfca2000 rw-p 00018000 00:13 702186                     /usr/lib/libpthread-2.24.so
7f3ddfca2000-7f3ddfca6000 rw-p 00000000 00:00 0 
7f3ddfca6000-7f3ddfcc9000 r-xp 00000000 00:13 702238                     /usr/lib/ld-2.24.so
7f3ddfcce000-7f3ddfcd0000 r--s 0000c000 00:13 224949228                  /home/lsonci/.m2/repository/junit-addons/junit-addons/1.4/junit-addons-1.4.jar
7f3ddfcd0000-7f3ddfcd4000 r--s 0002f000 00:13 224938774                  /home/lsonci/.m2/repository/commons-io/commons-io/2.5/commons-io-2.5.jar
7f3ddfcd4000-7f3ddfcd6000 r--s 00007000 00:13 224949224                  /home/lsonci/.m2/repository/jmagick/jmagick/6.6.9/jmagick-6.6.9.jar
7f3ddfcd6000-7f3ddfd52000 rw-p 00000000 00:00 0 
7f3ddfd52000-7f3ddfd55000 ---p 00000000 00:00 0 
7f3ddfd55000-7f3ddfe55000 rw-p 00000000 00:00 0                          [stack:4569]
7f3ddfe56000-7f3ddfe59000 r--s 00025000 00:13 224949220                  /home/lsonci/.m2/repository/org/im4java/im4java/1.4.0/im4java-1.4.0.jar
7f3ddfe59000-7f3ddfe5b000 r--s 00009000 00:13 224949216                  /home/lsonci/.m2/repository/org/hamcrest/hamcrest-core/1.3/hamcrest-core-1.3.jar
7f3ddfe5b000-7f3ddfe63000 r--s 00045000 00:13 224949212                  /home/lsonci/.m2/repository/junit/junit/4.12/junit-4.12.jar
7f3ddfe63000-7f3ddfe68000 r--s 00041000 00:13 224966536                  /home/lsonci/.m2/repository/commons-lang/commons-lang/2.6/commons-lang-2.6.jar
7f3ddfe68000-7f3ddfe6d000 r--s 002f9000 00:13 770088                     /usr/lib/jvm/java-8-openjdk/jre/lib/charsets.jar
7f3ddfe6d000-7f3ddfebc000 rw-p 00000000 00:00 0 
7f3ddfebc000-7f3ddfec4000 rw-s 00000000 00:23 143615                     /tmp/hsperfdata_lsonci/4564
7f3ddfec4000-7f3ddfec5000 rw-p 00000000 00:00 0 
7f3ddfec5000-7f3ddfec6000 ---p 00000000 00:00 0 
7f3ddfec6000-7f3ddfec8000 rw-p 00000000 00:00 0 
7f3ddfec8000-7f3ddfec9000 r--p 00022000 00:13 702238                     /usr/lib/ld-2.24.so
7f3ddfec9000-7f3ddfeca000 rw-p 00023000 00:13 702238                     /usr/lib/ld-2.24.so
7f3ddfeca000-7f3ddfecb000 rw-p 00000000 00:00 0 
7ffd2de5c000-7ffd2de7d000 rw-p 00000000 00:00 0                          [stack]
7ffd2dfa2000-7ffd2dfa4000 r--p 00000000 00:00 0                          [vvar]
7ffd2dfa4000-7ffd2dfa6000 r-xp 00000000 00:00 0                          [vdso]
ffffffffff600000-ffffffffff601000 r-xp 00000000 00:00 0                  [vsyscall]

VM Arguments:
jvm_args: -Dfile.encoding=UTF-8 
java_command: view.main.Main
java_class_path (initial): /home/lsonci/Documentos/ATI/target/test-classes:/home/lsonci/Documentos/ATI/target/classes:/home/lsonci/.m2/repository/commons-lang/commons-lang/2.6/commons-lang-2.6.jar:/home/lsonci/.m2/repository/junit/junit/4.12/junit-4.12.jar:/home/lsonci/.m2/repository/org/hamcrest/hamcrest-core/1.3/hamcrest-core-1.3.jar:/home/lsonci/.m2/repository/org/im4java/im4java/1.4.0/im4java-1.4.0.jar:/home/lsonci/.m2/repository/jmagick/jmagick/6.6.9/jmagick-6.6.9.jar:/home/lsonci/.m2/repository/commons-io/commons-io/2.5/commons-io-2.5.jar:/home/lsonci/.m2/repository/junit-addons/junit-addons/1.4/junit-addons-1.4.jar:/home/lsonci/.m2/repository/xerces/xercesImpl/2.6.2/xercesImpl-2.6.2.jar:/home/lsonci/.m2/repository/xerces/xmlParserAPIs/2.6.2/xmlParserAPIs-2.6.2.jar
Launcher Type: SUN_STANDARD

Environment Variables:
PATH=/usr/local/sbin:/usr/local/bin:/usr/bin:/opt/cuda/bin:/usr/lib/emscripten:/usr/lib/jvm/default/bin:/usr/bin/site_perl:/usr/bin/vendor_perl:/usr/bin/core_perl
SHELL=/bin/bash
DISPLAY=:0

Signal Handlers:
SIGSEGV: [libjvm.so+0xa64890], sa_mask[0]=11111111011111111101111111111110, sa_flags=SA_RESTART|SA_SIGINFO
SIGBUS: [libjvm.so+0xa64890], sa_mask[0]=11111111011111111101111111111110, sa_flags=SA_RESTART|SA_SIGINFO
SIGFPE: [libjvm.so+0x8afab0], sa_mask[0]=11111111011111111101111111111110, sa_flags=SA_RESTART|SA_SIGINFO
SIGPIPE: [libjvm.so+0x8afab0], sa_mask[0]=11111111011111111101111111111110, sa_flags=SA_RESTART|SA_SIGINFO
SIGXFSZ: [libjvm.so+0x8afab0], sa_mask[0]=11111111011111111101111111111110, sa_flags=SA_RESTART|SA_SIGINFO
SIGILL: [libjvm.so+0x8afab0], sa_mask[0]=11111111011111111101111111111110, sa_flags=SA_RESTART|SA_SIGINFO
SIGUSR1: SIG_DFL, sa_mask[0]=00000000000000000000000000000000, sa_flags=none
SIGUSR2: [libjvm.so+0x8af960], sa_mask[0]=00100000000000000000000000000000, sa_flags=SA_RESTART|SA_SIGINFO
SIGHUP: [libjvm.so+0x8afe10], sa_mask[0]=11111111011111111101111111111110, sa_flags=SA_RESTART|SA_SIGINFO
SIGINT: [libjvm.so+0x8afe10], sa_mask[0]=11111111011111111101111111111110, sa_flags=SA_RESTART|SA_SIGINFO
SIGTERM: [libjvm.so+0x8afe10], sa_mask[0]=11111111011111111101111111111110, sa_flags=SA_RESTART|SA_SIGINFO
SIGQUIT: [libjvm.so+0x8afe10], sa_mask[0]=11111111011111111101111111111110, sa_flags=SA_RESTART|SA_SIGINFO


---------------  S Y S T E M  ---------------

OS:LSB_VERSION=1.4
DISTRIB_ID=Arch
DISTRIB_RELEASE=rolling
DISTRIB_DESCRIPTION="Arch Linux"

uname:Linux 4.4.5-1-ARCH #1 SMP PREEMPT Thu Mar 10 07:38:19 CET 2016 x86_64
libc:glibc 2.24 NPTL 2.24 
rlimit: STACK 8192k, CORE infinity, NPROC 31548, NOFILE 4096, AS infinity
load average:0,05 0,14 0,19

/proc/meminfo:
MemTotal:        8086344 kB
MemFree:           52840 kB
MemAvailable:     156172 kB
Buffers:               0 kB
Cached:          5145768 kB
SwapCached:            0 kB
Active:          6136012 kB
Inactive:        1639180 kB
Active(anon):    6094396 kB
Inactive(anon):  1599220 kB
Active(file):      41616 kB
Inactive(file):    39960 kB
Unevictable:          88 kB
Mlocked:              88 kB
SwapTotal:             0 kB
SwapFree:              0 kB
Dirty:                 0 kB
Writeback:             0 kB
AnonPages:       2629572 kB
Mapped:           130776 kB
Shmem:           5064108 kB
Slab:             128888 kB
SReclaimable:      64080 kB
SUnreclaim:        64808 kB
KernelStack:       13088 kB
PageTables:        55000 kB
NFS_Unstable:          0 kB
Bounce:                0 kB
WritebackTmp:          0 kB
CommitLimit:     4043172 kB
Committed_AS:   12510820 kB
VmallocTotal:   34359738367 kB
VmallocUsed:           0 kB
VmallocChunk:          0 kB
HardwareCorrupted:     0 kB
AnonHugePages:   1150976 kB
HugePages_Total:       0
HugePages_Free:        0
HugePages_Rsvd:        0
HugePages_Surp:        0
Hugepagesize:       2048 kB
DirectMap4k:      168568 kB
DirectMap2M:     7077888 kB
DirectMap1G:     2097152 kB


CPU:total 8 (4 cores per cpu, 2 threads per core) family 6 model 60 stepping 3, cmov, cx8, fxsr, mmx, sse, sse2, sse3, ssse3, sse4.1, sse4.2, popcnt, avx, avx2, aes, clmul, erms, rtm, lzcnt, ht, tsc, tscinvbit, bmi1, bmi2

/proc/cpuinfo:
processor	: 0
vendor_id	: GenuineIntel
cpu family	: 6
model		: 60
model name	: Intel(R) Core(TM) i7-4790 CPU @ 3.60GHz
stepping	: 3
microcode	: 0x17
cpu MHz		: 3657.796
cache size	: 8192 KB
physical id	: 0
siblings	: 8
core id		: 0
cpu cores	: 4
apicid		: 0
initial apicid	: 0
fpu		: yes
fpu_exception	: yes
cpuid level	: 13
wp		: yes
flags		: fpu vme de pse tsc msr pae mce cx8 apic sep mtrr pge mca cmov pat pse36 clflush dts acpi mmx fxsr sse sse2 ss ht tm pbe syscall nx pdpe1gb rdtscp lm constant_tsc arch_perfmon pebs bts rep_good nopl xtopology nonstop_tsc aperfmperf eagerfpu pni pclmulqdq dtes64 monitor ds_cpl vmx smx est tm2 ssse3 sdbg fma cx16 xtpr pdcm pcid sse4_1 sse4_2 x2apic movbe popcnt tsc_deadline_timer aes xsave avx f16c rdrand lahf_lm abm ida arat epb pln pts dtherm tpr_shadow vnmi flexpriority ept vpid fsgsbase tsc_adjust bmi1 hle avx2 smep bmi2 erms invpcid rtm xsaveopt
bugs		:
bogomips	: 7186.02
clflush size	: 64
cache_alignment	: 64
address sizes	: 39 bits physical, 48 bits virtual
power management:

processor	: 1
vendor_id	: GenuineIntel
cpu family	: 6
model		: 60
model name	: Intel(R) Core(TM) i7-4790 CPU @ 3.60GHz
stepping	: 3
microcode	: 0x17
cpu MHz		: 3600.000
cache size	: 8192 KB
physical id	: 0
siblings	: 8
core id		: 1
cpu cores	: 4
apicid		: 2
initial apicid	: 2
fpu		: yes
fpu_exception	: yes
cpuid level	: 13
wp		: yes
flags		: fpu vme de pse tsc msr pae mce cx8 apic sep mtrr pge mca cmov pat pse36 clflush dts acpi mmx fxsr sse sse2 ss ht tm pbe syscall nx pdpe1gb rdtscp lm constant_tsc arch_perfmon pebs bts rep_good nopl xtopology nonstop_tsc aperfmperf eagerfpu pni pclmulqdq dtes64 monitor ds_cpl vmx smx est tm2 ssse3 sdbg fma cx16 xtpr pdcm pcid sse4_1 sse4_2 x2apic movbe popcnt tsc_deadline_timer aes xsave avx f16c rdrand lahf_lm abm ida arat epb pln pts dtherm tpr_shadow vnmi flexpriority ept vpid fsgsbase tsc_adjust bmi1 hle avx2 smep bmi2 erms invpcid rtm xsaveopt
bugs		:
bogomips	: 7186.02
clflush size	: 64
cache_alignment	: 64
address sizes	: 39 bits physical, 48 bits virtual
power management:

processor	: 2
vendor_id	: GenuineIntel
cpu family	: 6
model		: 60
model name	: Intel(R) Core(TM) i7-4790 CPU @ 3.60GHz
stepping	: 3
microcode	: 0x17
cpu MHz		: 3600.000
cache size	: 8192 KB
physical id	: 0
siblings	: 8
core id		: 2
cpu cores	: 4
apicid		: 4
initial apicid	: 4
fpu		: yes
fpu_exception	: yes
cpuid level	: 13
wp		: yes
flags		: fpu vme de pse tsc msr pae mce cx8 apic sep mtrr pge mca cmov pat pse36 clflush dts acpi mmx fxsr sse sse2 ss ht tm pbe syscall nx pdpe1gb rdtscp lm constant_tsc arch_perfmon pebs bts rep_good nopl xtopology nonstop_tsc aperfmperf eagerfpu pni pclmulqdq dtes64 monitor ds_cpl vmx smx est tm2 ssse3 sdbg fma cx16 xtpr pdcm pcid sse4_1 sse4_2 x2apic movbe popcnt tsc_deadline_timer aes xsave avx f16c rdrand lahf_lm abm ida arat epb pln pts dtherm tpr_shadow vnmi flexpriority ept vpid fsgsbase tsc_adjust bmi1 hle avx2 smep bmi2 erms invpcid rtm xsaveopt
bugs		:
bogomips	: 7186.02
clflush size	: 64
cache_alignment	: 64
address sizes	: 39 bits physical, 48 bits virtual
power management:

processor	: 3
vendor_id	: GenuineIntel
cpu family	: 6
model		: 60
model name	: Intel(R) Core(TM) i7-4790 CPU @ 3.60GHz
stepping	: 3
microcode	: 0x17
cpu MHz		: 3599.859
cache size	: 8192 KB
physical id	: 0
siblings	: 8
core id		: 3
cpu cores	: 4
apicid		: 6
initial apicid	: 6
fpu		: yes
fpu_exception	: yes
cpuid level	: 13
wp		: yes
flags		: fpu vme de pse tsc msr pae mce cx8 apic sep mtrr pge mca cmov pat pse36 clflush dts acpi mmx fxsr sse sse2 ss ht tm pbe syscall nx pdpe1gb rdtscp lm constant_tsc arch_perfmon pebs bts rep_good nopl xtopology nonstop_tsc aperfmperf eagerfpu pni pclmulqdq dtes64 monitor ds_cpl vmx smx est tm2 ssse3 sdbg fma cx16 xtpr pdcm pcid sse4_1 sse4_2 x2apic movbe popcnt tsc_deadline_timer aes xsave avx f16c rdrand lahf_lm abm ida arat epb pln pts dtherm tpr_shadow vnmi flexpriority ept vpid fsgsbase tsc_adjust bmi1 hle avx2 smep bmi2 erms invpcid rtm xsaveopt
bugs		:
bogomips	: 7186.02
clflush size	: 64
cache_alignment	: 64
address sizes	: 39 bits physical, 48 bits virtual
power management:

processor	: 4
vendor_id	: GenuineIntel
cpu family	: 6
model		: 60
model name	: Intel(R) Core(TM) i7-4790 CPU @ 3.60GHz
stepping	: 3
microcode	: 0x17
cpu MHz		: 3775.640
cache size	: 8192 KB
physical id	: 0
siblings	: 8
core id		: 0
cpu cores	: 4
apicid		: 1
initial apicid	: 1
fpu		: yes
fpu_exception	: yes
cpuid level	: 13
wp		: yes
flags		: fpu vme de pse tsc msr pae mce cx8 apic sep mtrr pge mca cmov pat pse36 clflush dts acpi mmx fxsr sse sse2 ss ht tm pbe syscall nx pdpe1gb rdtscp lm constant_tsc arch_perfmon pebs bts rep_good nopl xtopology nonstop_tsc aperfmperf eagerfpu pni pclmulqdq dtes64 monitor ds_cpl vmx smx est tm2 ssse3 sdbg fma cx16 xtpr pdcm pcid sse4_1 sse4_2 x2apic movbe popcnt tsc_deadline_timer aes xsave avx f16c rdrand lahf_lm abm ida arat epb pln pts dtherm tpr_shadow vnmi flexpriority ept vpid fsgsbase tsc_adjust bmi1 hle avx2 smep bmi2 erms invpcid rtm xsaveopt
bugs		:
bogomips	: 7186.02
clflush size	: 64
cache_alignment	: 64
address sizes	: 39 bits physical, 48 bits virtual
power management:

processor	: 5
vendor_id	: GenuineIntel
cpu family	: 6
model		: 60
model name	: Intel(R) Core(TM) i7-4790 CPU @ 3.60GHz
stepping	: 3
microcode	: 0x17
cpu MHz		: 3942.984
cache size	: 8192 KB
physical id	: 0
siblings	: 8
core id		: 1
cpu cores	: 4
apicid		: 3
initial apicid	: 3
fpu		: yes
fpu_exception	: yes
cpuid level	: 13
wp		: yes
flags		: fpu vme de pse tsc msr pae mce cx8 apic sep mtrr pge mca cmov pat pse36 clflush dts acpi mmx fxsr sse sse2 ss ht tm pbe syscall nx pdpe1gb rdtscp lm constant_tsc arch_perfmon pebs bts rep_good nopl xtopology nonstop_tsc aperfmperf eagerfpu pni pclmulqdq dtes64 monitor ds_cpl vmx smx est tm2 ssse3 sdbg fma cx16 xtpr pdcm pcid sse4_1 sse4_2 x2apic movbe popcnt tsc_deadline_timer aes xsave avx f16c rdrand lahf_lm abm ida arat epb pln pts dtherm tpr_shadow vnmi flexpriority ept vpid fsgsbase tsc_adjust bmi1 hle avx2 smep bmi2 erms invpcid rtm xsaveopt
bugs		:
bogomips	: 7186.02
clflush size	: 64
cache_alignment	: 64
address sizes	: 39 bits physical, 48 bits virtual
power management:

processor	: 6
vendor_id	: GenuineIntel
cpu family	: 6
model		: 60
model name	: Intel(R) Core(TM) i7-4790 CPU @ 3.60GHz
stepping	: 3
microcode	: 0x17
cpu MHz		: 3804.468
cache size	: 8192 KB
physical id	: 0
siblings	: 8
core id		: 2
cpu cores	: 4
apicid		: 5
initial apicid	: 5
fpu		: yes
fpu_exception	: yes
cpuid level	: 13
wp		: yes
flags		: fpu vme de pse tsc msr pae mce cx8 apic sep mtrr pge mca cmov pat pse36 clflush dts acpi mmx fxsr sse sse2 ss ht tm pbe syscall nx pdpe1gb rdtscp lm constant_tsc arch_perfmon pebs bts rep_good nopl xtopology nonstop_tsc aperfmperf eagerfpu pni pclmulqdq dtes64 monitor ds_cpl vmx smx est tm2 ssse3 sdbg fma cx16 xtpr pdcm pcid sse4_1 sse4_2 x2apic movbe popcnt tsc_deadline_timer aes xsave avx f16c rdrand lahf_lm abm ida arat epb pln pts dtherm tpr_shadow vnmi flexpriority ept vpid fsgsbase tsc_adjust bmi1 hle avx2 smep bmi2 erms invpcid rtm xsaveopt
bugs		:
bogomips	: 7186.02
clflush size	: 64
cache_alignment	: 64
address sizes	: 39 bits physical, 48 bits virtual
power management:

processor	: 7
vendor_id	: GenuineIntel
cpu family	: 6
model		: 60
model name	: Intel(R) Core(TM) i7-4790 CPU @ 3.60GHz
stepping	: 3
microcode	: 0x17
cpu MHz		: 3793.218
cache size	: 8192 KB
physical id	: 0
siblings	: 8
core id		: 3
cpu cores	: 4
apicid		: 7
initial apicid	: 7
fpu		: yes
fpu_exception	: yes
cpuid level	: 13
wp		: yes
flags		: fpu vme de pse tsc msr pae mce cx8 apic sep mtrr pge mca cmov pat pse36 clflush dts acpi mmx fxsr sse sse2 ss ht tm pbe syscall nx pdpe1gb rdtscp lm constant_tsc arch_perfmon pebs bts rep_good nopl xtopology nonstop_tsc aperfmperf eagerfpu pni pclmulqdq dtes64 monitor ds_cpl vmx smx est tm2 ssse3 sdbg fma cx16 xtpr pdcm pcid sse4_1 sse4_2 x2apic movbe popcnt tsc_deadline_timer aes xsave avx f16c rdrand lahf_lm abm ida arat epb pln pts dtherm tpr_shadow vnmi flexpriority ept vpid fsgsbase tsc_adjust bmi1 hle avx2 smep bmi2 erms invpcid rtm xsaveopt
bugs		:
bogomips	: 7186.02
clflush size	: 64
cache_alignment	: 64
address sizes	: 39 bits physical, 48 bits virtual
power management:



Memory: 4k page, physical 8086344k(52840k free), swap 0k(0k free)

vm_info: OpenJDK 64-Bit Server VM (25.102-b14) for linux-amd64 JRE (1.8.0_102-b14), built on Jul 27 2016 07:46:42 by "builduser" with gcc 6.1.1 20160707

time: Thu Sep 29 16:37:44 2016
elapsed time: 488 seconds (0d 0h 8m 8s)

