#
# There is insufficient memory for the Java Runtime Environment to continue.
# Native memory allocation (mmap) failed to map 247988224 bytes for committing reserved memory.
# Possible reasons:
#   The system is out of physical RAM or swap space
#   In 32 bit mode, the process size limit was hit
# Possible solutions:
#   Reduce memory load on the system
#   Increase physical memory or swap space
#   Check if swap backing store is full
#   Use 64 bit Java on a 64 bit OS
#   Decrease Java heap size (-Xmx/-Xms)
#   Decrease number of Java threads
#   Decrease Java thread stack sizes (-Xss)
#   Set larger code cache with -XX:ReservedCodeCacheSize=
# This output file may be truncated or incomplete.
#
#  Out of Memory Error (os_linux.cpp:2627), pid=4815, tid=0x00007f58932f2700
#
# JRE version: OpenJDK Runtime Environment (8.0_102-b14) (build 1.8.0_102-b14)
# Java VM: OpenJDK 64-Bit Server VM (25.102-b14 mixed mode linux-amd64 compressed oops)
# Core dump written. Default location: /home/lsonci/Documentos/ATI/core or core.4815
#

---------------  T H R E A D  ---------------

Current thread (0x00007f58b807d800):  VMThread [stack: 0x00007f58931f2000,0x00007f58932f3000] [id=4829]

Stack: [0x00007f58931f2000,0x00007f58932f3000],  sp=0x00007f58932f14b0,  free space=1021k
Native frames: (J=compiled Java code, j=interpreted, Vv=VM code, C=native code)
V  [libjvm.so+0xa63e00]
V  [libjvm.so+0x4c505c]
V  [libjvm.so+0x8b4210]
V  [libjvm.so+0x8ae94e]
V  [libjvm.so+0x928c5e]
V  [libjvm.so+0x929fe3]
V  [libjvm.so+0x926633]
V  [libjvm.so+0x9268dc]
V  [libjvm.so+0x8d83f3]
V  [libjvm.so+0xa65a12]
V  [libjvm.so+0xa6aa37]
V  [libjvm.so+0xa682c6]
V  [libjvm.so+0xa69646]
V  [libjvm.so+0xa69b41]
V  [libjvm.so+0x8b17d2]

VM_Operation (0x00007f588ab11d70): ParallelGCFailedAllocation, mode: safepoint, requested by thread 0x00007f58b83c4000


---------------  P R O C E S S  ---------------

Java Threads: ( => current thread )
  0x00007f5840020800 JavaThread "TimerQueue" daemon [_thread_blocked, id=4847, stack(0x00007f588a613000,0x00007f588a714000)]
  0x00007f58b8007800 JavaThread "DestroyJavaVM" [_thread_blocked, id=4820, stack(0x00007f58c050e000,0x00007f58c060f000)]
  0x00007f58b83c4000 JavaThread "AWT-EventQueue-0" [_thread_blocked, id=4843, stack(0x00007f588aa15000,0x00007f588ab16000)]
  0x00007f58b83c2800 JavaThread "AWT-Shutdown" [_thread_blocked, id=4842, stack(0x00007f588ab16000,0x00007f588ac17000)]
  0x00007f58b82bf000 JavaThread "AWT-XAWT" daemon [_thread_in_native, id=4840, stack(0x00007f588b340000,0x00007f588b441000)]
  0x00007f58b8296000 JavaThread "Java2D Disposer" daemon [_thread_blocked, id=4839, stack(0x00007f58900ce000,0x00007f58901cf000)]
  0x00007f58b80c7800 JavaThread "Service Thread" daemon [_thread_blocked, id=4837, stack(0x00007f5892808000,0x00007f5892909000)]
  0x00007f58b80c4800 JavaThread "C1 CompilerThread3" daemon [_thread_blocked, id=4836, stack(0x00007f5892909000,0x00007f5892a0a000)]
  0x00007f58b80c2800 JavaThread "C2 CompilerThread2" daemon [_thread_blocked, id=4835, stack(0x00007f5892a0a000,0x00007f5892b0b000)]
  0x00007f58b80c0800 JavaThread "C2 CompilerThread1" daemon [_thread_blocked, id=4834, stack(0x00007f5892b0b000,0x00007f5892c0c000)]
  0x00007f58b80be000 JavaThread "C2 CompilerThread0" daemon [_thread_blocked, id=4833, stack(0x00007f5892c0c000,0x00007f5892d0d000)]
  0x00007f58b80bc800 JavaThread "Signal Dispatcher" daemon [_thread_blocked, id=4832, stack(0x00007f5892d0d000,0x00007f5892e0e000)]
  0x00007f58b8089800 JavaThread "Finalizer" daemon [_thread_blocked, id=4831, stack(0x00007f5892ff0000,0x00007f58930f1000)]
  0x00007f58b8085000 JavaThread "Reference Handler" daemon [_thread_blocked, id=4830, stack(0x00007f58930f1000,0x00007f58931f2000)]

Other Threads:
=>0x00007f58b807d800 VMThread [stack: 0x00007f58931f2000,0x00007f58932f3000] [id=4829]
  0x00007f58b80ca000 WatcherThread [stack: 0x00007f5892707000,0x00007f5892808000] [id=4838]

VM state:at safepoint (normal execution)

VM Mutex/Monitor currently owned by a thread:  ([mutex/lock_event])
[0x00007f58b8006470] Threads_lock - owner thread: 0x00007f58b807d800
[0x00007f58b8006970] Heap_lock - owner thread: 0x00007f58b83c4000

Heap:
 PSYoungGen      total 414720K, used 4288K [0x00000000d6d80000, 0x00000000f0d80000, 0x0000000100000000)
  eden space 403456K, 0% used [0x00000000d6d80000,0x00000000d6d80000,0x00000000ef780000)
  from space 11264K, 38% used [0x00000000ef780000,0x00000000efbb0040,0x00000000f0280000)
  to   space 11264K, 0% used [0x00000000f0280000,0x00000000f0280000,0x00000000f0d80000)
 ParOldGen       total 84992K, used 12117K [0x0000000084800000, 0x0000000089b00000, 0x00000000d6d80000)
  object space 84992K, 14% used [0x0000000084800000,0x00000000853d5770,0x0000000089b00000)
 Metaspace       used 15775K, capacity 15996K, committed 16256K, reserved 1062912K
  class space    used 2058K, capacity 2124K, committed 2176K, reserved 1048576K

Card table byte_map: [0x00007f58bd647000,0x00007f58bda24000] byte_map_base: 0x00007f58bd223000

Marking Bits: (ParMarkBitMap*) 0x00007f58bf863860
 Begin Bits: [0x00007f5898240000, 0x00007f589a120000)
 End Bits:   [0x00007f589a120000, 0x00007f589c000000)

Polling page: 0x00007f58c0681000

CodeCache: size=245760Kb used=6237Kb max_used=6248Kb free=239522Kb
 bounds [0x00007f58a9000000, 0x00007f58a9620000, 0x00007f58b8000000]
 total_blobs=2453 nmethods=1880 adapters=487
 compilation: enabled

Compilation events (10 events):
Event: 41,407 Thread 0x00007f58b80c4800 1876       3       java.awt.Component::access$400 (5 bytes)
Event: 41,408 Thread 0x00007f58b80c4800 nmethod 1876 0x00007f58a96162d0 code [0x00007f58a9616440, 0x00007f58a96165a8]
Event: 41,408 Thread 0x00007f58b80c4800 1877       3       java.awt.Component::getInsets_NoClientCode (40 bytes)
Event: 41,408 Thread 0x00007f58b80c4800 nmethod 1877 0x00007f58a961a390 code [0x00007f58a961a560, 0x00007f58a961ad68]
Event: 41,441 Thread 0x00007f58b80c4800 1878       3       sun.java2d.SunGraphics2D::setClip (14 bytes)
Event: 41,442 Thread 0x00007f58b80c0800 1879       4       javax.swing.RepaintManager::currentManager (37 bytes)
Event: 41,442 Thread 0x00007f58b80c4800 nmethod 1878 0x00007f58a9619e90 code [0x00007f58a961a000, 0x00007f58a961a2d8]
Event: 41,442 Thread 0x00007f58b80c4800 1880       3       javax.swing.plaf.metal.MetalSliderUI::getHorizThumbIcon (14 bytes)
Event: 41,442 Thread 0x00007f58b80c4800 nmethod 1880 0x00007f58a9615ed0 code [0x00007f58a9616040, 0x00007f58a9616230]
Event: 41,442 Thread 0x00007f58b80c0800 nmethod 1879 0x00007f58a9619b90 code [0x00007f58a9619ce0, 0x00007f58a9619d88]

GC Heap History (10 events):
Event: 16,529 GC heap after
Heap after GC invocations=6 (full 0):
 PSYoungGen      total 136704K, used 9008K [0x00000000d6d80000, 0x00000000e0080000, 0x0000000100000000)
  eden space 125952K, 0% used [0x00000000d6d80000,0x00000000d6d80000,0x00000000de880000)
  from space 10752K, 83% used [0x00000000df400000,0x00000000dfccc020,0x00000000dfe80000)
  to   space 11776K, 0% used [0x00000000de880000,0x00000000de880000,0x00000000df400000)
 ParOldGen       total 84992K, used 7927K [0x0000000084800000, 0x0000000089b00000, 0x00000000d6d80000)
  object space 84992K, 9% used [0x0000000084800000,0x0000000084fbdee0,0x0000000089b00000)
 Metaspace       used 15451K, capacity 15676K, committed 16000K, reserved 1062912K
  class space    used 2040K, capacity 2124K, committed 2176K, reserved 1048576K
}
Event: 16,569 GC heap before
{Heap before GC invocations=7 (full 0):
 PSYoungGen      total 136704K, used 134960K [0x00000000d6d80000, 0x00000000e0080000, 0x0000000100000000)
  eden space 125952K, 100% used [0x00000000d6d80000,0x00000000de880000,0x00000000de880000)
  from space 10752K, 83% used [0x00000000df400000,0x00000000dfccc020,0x00000000dfe80000)
  to   space 11776K, 0% used [0x00000000de880000,0x00000000de880000,0x00000000df400000)
 ParOldGen       total 84992K, used 7927K [0x0000000084800000, 0x0000000089b00000, 0x00000000d6d80000)
  object space 84992K, 9% used [0x0000000084800000,0x0000000084fbdee0,0x0000000089b00000)
 Metaspace       used 15451K, capacity 15676K, committed 16000K, reserved 1062912K
  class space    used 2040K, capacity 2124K, committed 2176K, reserved 1048576K
Event: 16,575 GC heap after
Heap after GC invocations=7 (full 0):
 PSYoungGen      total 137728K, used 8096K [0x00000000d6d80000, 0x00000000e7a80000, 0x0000000100000000)
  eden space 125952K, 0% used [0x00000000d6d80000,0x00000000d6d80000,0x00000000de880000)
  from space 11776K, 68% used [0x00000000de880000,0x00000000df068000,0x00000000df400000)
  to   space 11776K, 0% used [0x00000000e6f00000,0x00000000e6f00000,0x00000000e7a80000)
 ParOldGen       total 84992K, used 9901K [0x0000000084800000, 0x0000000089b00000, 0x00000000d6d80000)
  object space 84992K, 11% used [0x0000000084800000,0x00000000851ab790,0x0000000089b00000)
 Metaspace       used 15451K, capacity 15676K, committed 16000K, reserved 1062912K
  class space    used 2040K, capacity 2124K, committed 2176K, reserved 1048576K
}
Event: 33,961 GC heap before
{Heap before GC invocations=8 (full 0):
 PSYoungGen      total 137728K, used 134048K [0x00000000d6d80000, 0x00000000e7a80000, 0x0000000100000000)
  eden space 125952K, 100% used [0x00000000d6d80000,0x00000000de880000,0x00000000de880000)
  from space 11776K, 68% used [0x00000000de880000,0x00000000df068000,0x00000000df400000)
  to   space 11776K, 0% used [0x00000000e6f00000,0x00000000e6f00000,0x00000000e7a80000)
 ParOldGen       total 84992K, used 9901K [0x0000000084800000, 0x0000000089b00000, 0x00000000d6d80000)
  object space 84992K, 11% used [0x0000000084800000,0x00000000851ab790,0x0000000089b00000)
 Metaspace       used 15621K, capacity 15868K, committed 16000K, reserved 1062912K
  class space    used 2058K, capacity 2124K, committed 2176K, reserved 1048576K
Event: 33,965 GC heap after
Heap after GC invocations=8 (full 0):
 PSYoungGen      total 262656K, used 7712K [0x00000000d6d80000, 0x00000000e7980000, 0x0000000100000000)
  eden space 251904K, 0% used [0x00000000d6d80000,0x00000000d6d80000,0x00000000e6380000)
  from space 10752K, 71% used [0x00000000e6f00000,0x00000000e7688050,0x00000000e7980000)
  to   space 11264K, 0% used [0x00000000e6380000,0x00000000e6380000,0x00000000e6e80000)
 ParOldGen       total 84992K, used 9909K [0x0000000084800000, 0x0000000089b00000, 0x00000000d6d80000)
  object space 84992K, 11% used [0x0000000084800000,0x00000000851ad790,0x0000000089b00000)
 Metaspace       used 15621K, capacity 15868K, committed 16000K, reserved 1062912K
  class space    used 2058K, capacity 2124K, committed 2176K, reserved 1048576K
}
Event: 35,407 GC heap before
{Heap before GC invocations=9 (full 0):
 PSYoungGen      total 262656K, used 259616K [0x00000000d6d80000, 0x00000000e7980000, 0x0000000100000000)
  eden space 251904K, 100% used [0x00000000d6d80000,0x00000000e6380000,0x00000000e6380000)
  from space 10752K, 71% used [0x00000000e6f00000,0x00000000e7688050,0x00000000e7980000)
  to   space 11264K, 0% used [0x00000000e6380000,0x00000000e6380000,0x00000000e6e80000)
 ParOldGen       total 84992K, used 9909K [0x0000000084800000, 0x0000000089b00000, 0x00000000d6d80000)
  object space 84992K, 11% used [0x0000000084800000,0x00000000851ad790,0x0000000089b00000)
 Metaspace       used 15696K, capacity 15932K, committed 16256K, reserved 1062912K
  class space    used 2058K, capacity 2124K, committed 2176K, reserved 1048576K
Event: 35,410 GC heap after
Heap after GC invocations=9 (full 0):
 PSYoungGen      total 263168K, used 7680K [0x00000000d6d80000, 0x00000000f0d80000, 0x0000000100000000)
  eden space 251904K, 0% used [0x00000000d6d80000,0x00000000d6d80000,0x00000000e6380000)
  from space 11264K, 68% used [0x00000000e6380000,0x00000000e6b00050,0x00000000e6e80000)
  to   space 11264K, 0% used [0x00000000f0280000,0x00000000f0280000,0x00000000f0d80000)
 ParOldGen       total 84992K, used 9917K [0x0000000084800000, 0x0000000089b00000, 0x00000000d6d80000)
  object space 84992K, 11% used [0x0000000084800000,0x00000000851af790,0x0000000089b00000)
 Metaspace       used 15696K, capacity 15932K, committed 16256K, reserved 1062912K
  class space    used 2058K, capacity 2124K, committed 2176K, reserved 1048576K
}
Event: 36,959 GC heap before
{Heap before GC invocations=10 (full 0):
 PSYoungGen      total 263168K, used 259584K [0x00000000d6d80000, 0x00000000f0d80000, 0x0000000100000000)
  eden space 251904K, 100% used [0x00000000d6d80000,0x00000000e6380000,0x00000000e6380000)
  from space 11264K, 68% used [0x00000000e6380000,0x00000000e6b00050,0x00000000e6e80000)
  to   space 11264K, 0% used [0x00000000f0280000,0x00000000f0280000,0x00000000f0d80000)
 ParOldGen       total 84992K, used 9917K [0x0000000084800000, 0x0000000089b00000, 0x00000000d6d80000)
  object space 84992K, 11% used [0x0000000084800000,0x00000000851af790,0x0000000089b00000)
 Metaspace       used 15728K, capacity 15932K, committed 16256K, reserved 1062912K
  class space    used 2058K, capacity 2124K, committed 2176K, reserved 1048576K
Event: 36,962 GC heap after
Heap after GC invocations=10 (full 0):
 PSYoungGen      total 414720K, used 4288K [0x00000000d6d80000, 0x00000000f0d80000, 0x0000000100000000)
  eden space 403456K, 0% used [0x00000000d6d80000,0x00000000d6d80000,0x00000000ef780000)
  from space 11264K, 38% used [0x00000000f0280000,0x00000000f06b0040,0x00000000f0d80000)
  to   space 11264K, 0% used [0x00000000ef780000,0x00000000ef780000,0x00000000f0280000)
 ParOldGen       total 84992K, used 12093K [0x0000000084800000, 0x0000000089b00000, 0x00000000d6d80000)
  object space 84992K, 14% used [0x0000000084800000,0x00000000853cf770,0x0000000089b00000)
 Metaspace       used 15728K, capacity 15932K, committed 16256K, reserved 1062912K
  class space    used 2058K, capacity 2124K, committed 2176K, reserved 1048576K
}
Event: 41,666 GC heap before
{Heap before GC invocations=11 (full 0):
 PSYoungGen      total 414720K, used 407744K [0x00000000d6d80000, 0x00000000f0d80000, 0x0000000100000000)
  eden space 403456K, 100% used [0x00000000d6d80000,0x00000000ef780000,0x00000000ef780000)
  from space 11264K, 38% used [0x00000000f0280000,0x00000000f06b0040,0x00000000f0d80000)
  to   space 11264K, 0% used [0x00000000ef780000,0x00000000ef780000,0x00000000f0280000)
 ParOldGen       total 84992K, used 12093K [0x0000000084800000, 0x0000000089b00000, 0x00000000d6d80000)
  object space 84992K, 14% used [0x0000000084800000,0x00000000853cf770,0x0000000089b00000)
 Metaspace       used 15775K, capacity 15996K, committed 16256K, reserved 1062912K
  class space    used 2058K, capacity 2124K, committed 2176K, reserved 1048576K

Deoptimization events (10 events):
Event: 0,378 Thread 0x00007f58b8007800 Uncommon trap: reason=class_check action=maybe_recompile pc=0x00007f58a9164ff0 method=java.lang.String.equals(Ljava/lang/Object;)Z @ 8
Event: 0,378 Thread 0x00007f58b8007800 Uncommon trap: reason=class_check action=maybe_recompile pc=0x00007f58a9164ff0 method=java.lang.String.equals(Ljava/lang/Object;)Z @ 8
Event: 0,378 Thread 0x00007f58b8007800 Uncommon trap: reason=class_check action=maybe_recompile pc=0x00007f58a9164ff0 method=java.lang.String.equals(Ljava/lang/Object;)Z @ 8
Event: 0,397 Thread 0x00007f58b82bf000 Uncommon trap: reason=unstable_if action=reinterpret pc=0x00007f58a92d59a8 method=sun.awt.SunToolkit.getAppContext(Ljava/lang/Object;)Lsun/awt/AppContext; @ 4
Event: 16,434 Thread 0x00007f58b83c4000 Uncommon trap: reason=unstable_if action=reinterpret pc=0x00007f58a94fe94c method=masks.SquareMask.filterImage([[D)[[D @ 52
Event: 16,454 Thread 0x00007f58b83c4000 Uncommon trap: reason=unstable_if action=reinterpret pc=0x00007f58a9503924 method=masks.SquareMask.filterImage([[D)[[D @ 52
Event: 16,512 Thread 0x00007f58b83c4000 Uncommon trap: reason=unstable_if action=reinterpret pc=0x00007f58a94fc748 method=keypoints.Keypoints.mult([[D[[D)[[D @ 66
Event: 16,596 Thread 0x00007f58b83c4000 Uncommon trap: reason=unstable_if action=reinterpret pc=0x00007f58a950854c method=keypoints.Keypoints.cim([[D[[D[[D)[[D @ 112
Event: 18,720 Thread 0x00007f58b83c4000 Uncommon trap: reason=unstable_if action=reinterpret pc=0x00007f58a954702c method=keypoints.Keypoints.threshold(I[[DLjava/awt/image/BufferedImage;)Ljava/awt/image/BufferedImage; @ 107
Event: 18,721 Thread 0x00007f58b83c4000 Uncommon trap: reason=unstable_if action=reinterpret pc=0x00007f58a953567c method=keypoints.Keypoints.threshold(I[[DLjava/awt/image/BufferedImage;)Ljava/awt/image/BufferedImage; @ 285

Internal exceptions (10 events):
Event: 0,047 Thread 0x00007f58b8007800 Exception <a 'java/security/PrivilegedActionException'> (0x00000000d6e07540) thrown at [/build/java8-openjdk/src/jdk8u-jdk8u102-b14/hotspot/src/share/vm/prims/jvm.cpp, line 1386]
Event: 0,075 Thread 0x00007f58b8007800 Exception <a 'java/lang/NoSuchFieldError': method resolution failed> (0x00000000d6f8c1a0) thrown at [/build/java8-openjdk/src/jdk8u-jdk8u102-b14/hotspot/src/share/vm/prims/methodHandles.cpp, line 1146]
Event: 0,076 Thread 0x00007f58b8007800 Exception <a 'java/lang/NoSuchFieldError': method resolution failed> (0x00000000d6f999a0) thrown at [/build/java8-openjdk/src/jdk8u-jdk8u102-b14/hotspot/src/share/vm/prims/methodHandles.cpp, line 1146]
Event: 0,089 Thread 0x00007f58b8007800 Exception <a 'java/io/FileNotFoundException'> (0x00000000d7017bb8) thrown at [/build/java8-openjdk/src/jdk8u-jdk8u102-b14/hotspot/src/share/vm/prims/jni.cpp, line 709]
Event: 0,089 Thread 0x00007f58b8007800 Exception <a 'java/io/FileNotFoundException'> (0x00000000d70186a0) thrown at [/build/java8-openjdk/src/jdk8u-jdk8u102-b14/hotspot/src/share/vm/prims/jni.cpp, line 709]
Event: 0,099 Thread 0x00007f58b8007800 Exception <a 'java/lang/ClassNotFoundException': sun/dc/DuctusRenderingEngine> (0x00000000d70315c8) thrown at [/build/java8-openjdk/src/jdk8u-jdk8u102-b14/hotspot/src/share/vm/classfile/systemDictionary.cpp, line 210]
Event: 0,457 Thread 0x00007f58b83c4000 Exception <a 'java/lang/UnsupportedOperationException': > (0x00000000d6ef6108) thrown at [/build/java8-openjdk/src/jdk8u-jdk8u102-b14/hotspot/src/share/vm/prims/jni.cpp, line 735]
Event: 3,427 Thread 0x00007f58b83c4000 Exception <a 'java/lang/UnsupportedOperationException': > (0x00000000d739d288) thrown at [/build/java8-openjdk/src/jdk8u-jdk8u102-b14/hotspot/src/share/vm/prims/jni.cpp, line 735]
Event: 10,382 Thread 0x00007f58b83c4000 Exception <a 'java/lang/UnsupportedOperationException': > (0x00000000d74d8f20) thrown at [/build/java8-openjdk/src/jdk8u-jdk8u102-b14/hotspot/src/share/vm/prims/jni.cpp, line 735]
Event: 16,648 Thread 0x00007f58b83c4000 Exception <a 'java/lang/UnsupportedOperationException': > (0x00000000d9c599b8) thrown at [/build/java8-openjdk/src/jdk8u-jdk8u102-b14/hotspot/src/share/vm/prims/jni.cpp, line 735]

Events (10 events):
Event: 33,965 Executing VM operation: RevokeBias done
Event: 33,965 Executing VM operation: RevokeBias
Event: 33,965 Executing VM operation: RevokeBias done
Event: 33,965 Executing VM operation: RevokeBias
Event: 33,965 Executing VM operation: RevokeBias done
Event: 35,407 Executing VM operation: ParallelGCFailedAllocation
Event: 35,410 Executing VM operation: ParallelGCFailedAllocation done
Event: 36,959 Executing VM operation: ParallelGCFailedAllocation
Event: 36,962 Executing VM operation: ParallelGCFailedAllocation done
Event: 41,666 Executing VM operation: ParallelGCFailedAllocation


Dynamic libraries:
00400000-00401000 r-xp 00000000 00:13 2852898                            /usr/lib/jvm/java-8-openjdk/jre/bin/java
00600000-00601000 rw-p 00000000 00:13 2852898                            /usr/lib/jvm/java-8-openjdk/jre/bin/java
0141d000-0143e000 rw-p 00000000 00:00 0                                  [heap]
84800000-89b00000 rw-p 00000000 00:00 0 
89b00000-d6d80000 ---p 00000000 00:00 0 
d6d80000-f0d80000 rw-p 00000000 00:00 0 
ffa00000-100000000 ---p 00000000 00:00 0 
100000000-100220000 rw-p 00000000 00:00 0 
100220000-140000000 ---p 00000000 00:00 0 
7f5834000000-7f5834021000 rw-p 00000000 00:00 0 
7f5834021000-7f5838000000 ---p 00000000 00:00 0 
7f5838000000-7f5838021000 rw-p 00000000 00:00 0 
7f5838021000-7f583c000000 ---p 00000000 00:00 0 
7f583c000000-7f583c021000 rw-p 00000000 00:00 0 
7f583c021000-7f5840000000 ---p 00000000 00:00 0 
7f5840000000-7f5840071000 rw-p 00000000 00:00 0 
7f5840071000-7f5844000000 ---p 00000000 00:00 0 
7f5844000000-7f5844021000 rw-p 00000000 00:00 0 
7f5844021000-7f5848000000 ---p 00000000 00:00 0 
7f5848000000-7f5848021000 rw-p 00000000 00:00 0 
7f5848021000-7f584c000000 ---p 00000000 00:00 0 
7f584c000000-7f584c021000 rw-p 00000000 00:00 0 
7f584c021000-7f5850000000 ---p 00000000 00:00 0 
7f5850000000-7f5850021000 rw-p 00000000 00:00 0 
7f5850021000-7f5854000000 ---p 00000000 00:00 0 
7f5854000000-7f58544c2000 rw-p 00000000 00:00 0 
7f58544c2000-7f5858000000 ---p 00000000 00:00 0 
7f5858000000-7f5858021000 rw-p 00000000 00:00 0 
7f5858021000-7f585c000000 ---p 00000000 00:00 0 
7f585c000000-7f585c447000 rw-p 00000000 00:00 0 
7f585c447000-7f5860000000 ---p 00000000 00:00 0 
7f5860000000-7f5860209000 rw-p 00000000 00:00 0 
7f5860209000-7f5864000000 ---p 00000000 00:00 0 
7f5864000000-7f5864021000 rw-p 00000000 00:00 0 
7f5864021000-7f5868000000 ---p 00000000 00:00 0 
7f5868000000-7f586825c000 rw-p 00000000 00:00 0 
7f586825c000-7f586c000000 ---p 00000000 00:00 0 
7f586c000000-7f586c021000 rw-p 00000000 00:00 0 
7f586c021000-7f5870000000 ---p 00000000 00:00 0 
7f5870000000-7f5870021000 rw-p 00000000 00:00 0 
7f5870021000-7f5874000000 ---p 00000000 00:00 0 
7f5874000000-7f5874021000 rw-p 00000000 00:00 0 
7f5874021000-7f5878000000 ---p 00000000 00:00 0 
7f5878000000-7f5878021000 rw-p 00000000 00:00 0 
7f5878021000-7f587c000000 ---p 00000000 00:00 0 
7f587c000000-7f587c021000 rw-p 00000000 00:00 0 
7f587c021000-7f5880000000 ---p 00000000 00:00 0 
7f5884000000-7f5884021000 rw-p 00000000 00:00 0 
7f5884021000-7f5888000000 ---p 00000000 00:00 0 
7f588a313000-7f588a413000 rw-s 00000000 00:01 2293763                    /SYSV00000000 (deleted)
7f588a413000-7f588a5d3000 rw-p 00000000 00:00 0 
7f588a5d3000-7f588a613000 ---p 00000000 00:00 0 
7f588a613000-7f588a616000 ---p 00000000 00:00 0 
7f588a616000-7f588a714000 rw-p 00000000 00:00 0                          [stack:4847]
7f588a714000-7f588a717000 ---p 00000000 00:00 0 
7f588a717000-7f588aa15000 rw-p 00000000 00:00 0 
7f588aa15000-7f588aa18000 ---p 00000000 00:00 0 
7f588aa18000-7f588ab16000 rw-p 00000000 00:00 0                          [stack:4843]
7f588ab16000-7f588ab19000 ---p 00000000 00:00 0 
7f588ab19000-7f588ac17000 rw-p 00000000 00:00 0                          [stack:4842]
7f588ac17000-7f588ac1a000 ---p 00000000 00:00 0 
7f588ac1a000-7f588ad18000 rw-p 00000000 00:00 0 
7f588ad18000-7f588ad29000 r-xp 00000000 00:13 2852860                    /usr/lib/jvm/java-8-openjdk/jre/lib/amd64/libnio.so
7f588ad29000-7f588af28000 ---p 00011000 00:13 2852860                    /usr/lib/jvm/java-8-openjdk/jre/lib/amd64/libnio.so
7f588af28000-7f588af29000 rw-p 00010000 00:13 2852860                    /usr/lib/jvm/java-8-openjdk/jre/lib/amd64/libnio.so
7f588af29000-7f588af3f000 r-xp 00000000 00:13 1343030                    /usr/lib/jvm/java-8-openjdk/jre/lib/amd64/libnet.so
7f588af3f000-7f588b13f000 ---p 00016000 00:13 1343030                    /usr/lib/jvm/java-8-openjdk/jre/lib/amd64/libnet.so
7f588b13f000-7f588b140000 rw-p 00016000 00:13 1343030                    /usr/lib/jvm/java-8-openjdk/jre/lib/amd64/libnet.so
7f588b140000-7f588b340000 rw-p 00000000 00:00 0 
7f588b340000-7f588b343000 ---p 00000000 00:00 0 
7f588b343000-7f588b441000 rw-p 00000000 00:00 0                          [stack:4840]
7f588b441000-7f588b446000 r-xp 00000000 00:13 1917070                    /usr/lib/libXfixes.so.3.1.0
7f588b446000-7f588b645000 ---p 00005000 00:13 1917070                    /usr/lib/libXfixes.so.3.1.0
7f588b645000-7f588b646000 r--p 00004000 00:13 1917070                    /usr/lib/libXfixes.so.3.1.0
7f588b646000-7f588b647000 rw-p 00005000 00:13 1917070                    /usr/lib/libXfixes.so.3.1.0
7f588b647000-7f588b651000 r-xp 00000000 00:13 1472502                    /usr/lib/libXcursor.so.1.0.2
7f588b651000-7f588b850000 ---p 0000a000 00:13 1472502                    /usr/lib/libXcursor.so.1.0.2
7f588b850000-7f588b851000 r--p 00009000 00:13 1472502                    /usr/lib/libXcursor.so.1.0.2
7f588b851000-7f588b852000 rw-p 0000a000 00:13 1472502                    /usr/lib/libXcursor.so.1.0.2
7f588b852000-7f588b8c4000 r-xp 00000000 00:13 699256                     /usr/lib/libpcre.so.1.2.7
7f588b8c4000-7f588bac3000 ---p 00072000 00:13 699256                     /usr/lib/libpcre.so.1.2.7
7f588bac3000-7f588bac4000 r--p 00071000 00:13 699256                     /usr/lib/libpcre.so.1.2.7
7f588bac4000-7f588bac5000 rw-p 00072000 00:13 699256                     /usr/lib/libpcre.so.1.2.7
7f588bac5000-7f588baef000 r-xp 00000000 00:13 1269596                    /usr/lib/libgraphite2.so.3.0.1
7f588baef000-7f588bcee000 ---p 0002a000 00:13 1269596                    /usr/lib/libgraphite2.so.3.0.1
7f588bcee000-7f588bcf0000 r--p 00029000 00:13 1269596                    /usr/lib/libgraphite2.so.3.0.1
7f588bcf0000-7f588bcf1000 rw-p 0002b000 00:13 1269596                    /usr/lib/libgraphite2.so.3.0.1
7f588bcf1000-7f588bdfe000 r-xp 00000000 00:13 1334646                    /usr/lib/libglib-2.0.so.0.4800.1
7f588bdfe000-7f588bffd000 ---p 0010d000 00:13 1334646                    /usr/lib/libglib-2.0.so.0.4800.1
7f588bffd000-7f588bffe000 r--p 0010c000 00:13 1334646                    /usr/lib/libglib-2.0.so.0.4800.1
7f588bffe000-7f588bfff000 rw-p 0010d000 00:13 1334646                    /usr/lib/libglib-2.0.so.0.4800.1
7f588bfff000-7f588c000000 rw-p 00000000 00:00 0 
7f588c000000-7f588c021000 rw-p 00000000 00:00 0 
7f588c021000-7f5890000000 ---p 00000000 00:00 0 
7f58900ce000-7f58900d1000 ---p 00000000 00:00 0 
7f58900d1000-7f58901cf000 rw-p 00000000 00:00 0                          [stack:4839]
7f58901cf000-7f5890249000 r-xp 00000000 00:13 767452                     /usr/lib/libharfbuzz.so.0.10300.0
7f5890249000-7f5890449000 ---p 0007a000 00:13 767452                     /usr/lib/libharfbuzz.so.0.10300.0
7f5890449000-7f589044a000 r--p 0007a000 00:13 767452                     /usr/lib/libharfbuzz.so.0.10300.0
7f589044a000-7f589044b000 rw-p 0007b000 00:13 767452                     /usr/lib/libharfbuzz.so.0.10300.0
7f589044b000-7f589047f000 r-xp 00000000 00:13 703984                     /usr/lib/libpng16.so.16.24.0
7f589047f000-7f589067f000 ---p 00034000 00:13 703984                     /usr/lib/libpng16.so.16.24.0
7f589067f000-7f5890680000 r--p 00034000 00:13 703984                     /usr/lib/libpng16.so.16.24.0
7f5890680000-7f5890681000 rw-p 00035000 00:13 703984                     /usr/lib/libpng16.so.16.24.0
7f5890681000-7f5890690000 r-xp 00000000 00:13 923312                     /usr/lib/libbz2.so.1.0.6
7f5890690000-7f589088f000 ---p 0000f000 00:13 923312                     /usr/lib/libbz2.so.1.0.6
7f589088f000-7f5890891000 rw-p 0000e000 00:13 923312                     /usr/lib/libbz2.so.1.0.6
7f5890891000-7f58908a7000 r-xp 00000000 00:13 752054                     /usr/lib/libgcc_s.so.1
7f58908a7000-7f5890aa6000 ---p 00016000 00:13 752054                     /usr/lib/libgcc_s.so.1
7f5890aa6000-7f5890aa7000 r--p 00015000 00:13 752054                     /usr/lib/libgcc_s.so.1
7f5890aa7000-7f5890aa8000 rw-p 00016000 00:13 752054                     /usr/lib/libgcc_s.so.1
7f5890aa8000-7f5890b5e000 r-xp 00000000 00:13 2693870                    /usr/lib/libfreetype.so.6.12.5
7f5890b5e000-7f5890d5d000 ---p 000b6000 00:13 2693870                    /usr/lib/libfreetype.so.6.12.5
7f5890d5d000-7f5890d63000 r--p 000b5000 00:13 2693870                    /usr/lib/libfreetype.so.6.12.5
7f5890d63000-7f5890d64000 rw-p 000bb000 00:13 2693870                    /usr/lib/libfreetype.so.6.12.5
7f5890d64000-7f5890dc6000 r-xp 00000000 00:13 2852870                    /usr/lib/jvm/java-8-openjdk/jre/lib/amd64/libfontmanager.so
7f5890dc6000-7f5890fc5000 ---p 00062000 00:13 2852870                    /usr/lib/jvm/java-8-openjdk/jre/lib/amd64/libfontmanager.so
7f5890fc5000-7f5890fc9000 rw-p 00061000 00:13 2852870                    /usr/lib/jvm/java-8-openjdk/jre/lib/amd64/libfontmanager.so
7f5890fc9000-7f5890fce000 r-xp 00000000 00:13 1470920                    /usr/lib/libXdmcp.so.6.0.0
7f5890fce000-7f58911cd000 ---p 00005000 00:13 1470920                    /usr/lib/libXdmcp.so.6.0.0
7f58911cd000-7f58911ce000 r--p 00004000 00:13 1470920                    /usr/lib/libXdmcp.so.6.0.0
7f58911ce000-7f58911cf000 rw-p 00005000 00:13 1470920                    /usr/lib/libXdmcp.so.6.0.0
7f58911cf000-7f58911d1000 r-xp 00000000 00:13 1470926                    /usr/lib/libXau.so.6.0.0
7f58911d1000-7f58913d1000 ---p 00002000 00:13 1470926                    /usr/lib/libXau.so.6.0.0
7f58913d1000-7f58913d2000 r--p 00002000 00:13 1470926                    /usr/lib/libXau.so.6.0.0
7f58913d2000-7f58913d3000 rw-p 00003000 00:13 1470926                    /usr/lib/libXau.so.6.0.0
7f58913d3000-7f58913fb000 r-xp 00000000 00:13 658986                     /usr/lib/libxcb.so.1.1.0
7f58913fb000-7f58915fa000 ---p 00028000 00:13 658986                     /usr/lib/libxcb.so.1.1.0
7f58915fa000-7f58915fb000 r--p 00027000 00:13 658986                     /usr/lib/libxcb.so.1.1.0
7f58915fb000-7f58915fc000 rw-p 00028000 00:13 658986                     /usr/lib/libxcb.so.1.1.0
7f58915fc000-7f589160b000 r-xp 00000000 00:13 1423934                    /usr/lib/libXi.so.6.1.0
7f589160b000-7f589180a000 ---p 0000f000 00:13 1423934                    /usr/lib/libXi.so.6.1.0
7f589180a000-7f589180b000 r--p 0000e000 00:13 1423934                    /usr/lib/libXi.so.6.1.0
7f589180b000-7f589180c000 rw-p 0000f000 00:13 1423934                    /usr/lib/libXi.so.6.1.0
7f589180c000-7f5891811000 r-xp 00000000 00:13 1472348                    /usr/lib/libXtst.so.6.1.0
7f5891811000-7f5891a10000 ---p 00005000 00:13 1472348                    /usr/lib/libXtst.so.6.1.0
7f5891a10000-7f5891a11000 r--p 00004000 00:13 1472348                    /usr/lib/libXtst.so.6.1.0
7f5891a11000-7f5891a12000 rw-p 00005000 00:13 1472348                    /usr/lib/libXtst.so.6.1.0
7f5891a12000-7f5891a1b000 r-xp 00000000 00:13 1471504                    /usr/lib/libXrender.so.1.3.0
7f5891a1b000-7f5891c1a000 ---p 00009000 00:13 1471504                    /usr/lib/libXrender.so.1.3.0
7f5891c1a000-7f5891c1b000 r--p 00008000 00:13 1471504                    /usr/lib/libXrender.so.1.3.0
7f5891c1b000-7f5891c1c000 rw-p 00009000 00:13 1471504                    /usr/lib/libXrender.so.1.3.0
7f5891c1c000-7f5891d57000 r-xp 00000000 00:13 1471096                    /usr/lib/libX11.so.6.3.0
7f5891d57000-7f5891f56000 ---p 0013b000 00:13 1471096                    /usr/lib/libX11.so.6.3.0
7f5891f56000-7f5891f58000 r--p 0013a000 00:13 1471096                    /usr/lib/libX11.so.6.3.0
7f5891f58000-7f5891f5d000 rw-p 0013c000 00:13 1471096                    /usr/lib/libX11.so.6.3.0
7f5891f5d000-7f5891f5e000 rw-p 00000000 00:00 0 
7f5891f5e000-7f5891f6f000 r-xp 00000000 00:13 1471102                    /usr/lib/libXext.so.6.4.0
7f5891f6f000-7f589216e000 ---p 00011000 00:13 1471102                    /usr/lib/libXext.so.6.4.0
7f589216e000-7f589216f000 r--p 00010000 00:13 1471102                    /usr/lib/libXext.so.6.4.0
7f589216f000-7f5892170000 rw-p 00011000 00:13 1471102                    /usr/lib/libXext.so.6.4.0
7f58921e1000-7f5892234000 r-xp 00000000 00:13 2852868                    /usr/lib/jvm/java-8-openjdk/jre/lib/amd64/libawt_xawt.so
7f5892234000-7f5892434000 ---p 00053000 00:13 2852868                    /usr/lib/jvm/java-8-openjdk/jre/lib/amd64/libawt_xawt.so
7f5892434000-7f5892437000 rw-p 00053000 00:13 2852868                    /usr/lib/jvm/java-8-openjdk/jre/lib/amd64/libawt_xawt.so
7f5892437000-7f5892438000 rw-p 00000000 00:00 0 
7f5892438000-7f58924d8000 r-xp 00000000 00:13 2852856                    /usr/lib/jvm/java-8-openjdk/jre/lib/amd64/libawt.so
7f58924d8000-7f58926d7000 ---p 000a0000 00:13 2852856                    /usr/lib/jvm/java-8-openjdk/jre/lib/amd64/libawt.so
7f58926d7000-7f58926e3000 rw-p 0009f000 00:13 2852856                    /usr/lib/jvm/java-8-openjdk/jre/lib/amd64/libawt.so
7f58926e3000-7f5892707000 rw-p 00000000 00:00 0 
7f5892707000-7f5892708000 ---p 00000000 00:00 0 
7f5892708000-7f5892808000 rw-p 00000000 00:00 0                          [stack:4838]
7f5892808000-7f589280b000 ---p 00000000 00:00 0 
7f589280b000-7f5892909000 rw-p 00000000 00:00 0                          [stack:4837]
7f5892909000-7f589290c000 ---p 00000000 00:00 0 
7f589290c000-7f5892a0a000 rw-p 00000000 00:00 0                          [stack:4836]
7f5892a0a000-7f5892a0d000 ---p 00000000 00:00 0 
7f5892a0d000-7f5892b0b000 rw-p 00000000 00:00 0                          [stack:4835]
7f5892b0b000-7f5892b0e000 ---p 00000000 00:00 0 
7f5892b0e000-7f5892c0c000 rw-p 00000000 00:00 0                          [stack:4834]
7f5892c0c000-7f5892c0f000 ---p 00000000 00:00 0 
7f5892c0f000-7f5892d0d000 rw-p 00000000 00:00 0                          [stack:4833]
7f5892d0d000-7f5892d10000 ---p 00000000 00:00 0 
7f5892d10000-7f5892e0e000 rw-p 00000000 00:00 0                          [stack:4832]
7f5892e0e000-7f5892ff0000 r--p 00000000 00:13 2756614                    /usr/lib/locale/locale-archive
7f5892ff0000-7f5892ff3000 ---p 00000000 00:00 0 
7f5892ff3000-7f58930f1000 rw-p 00000000 00:00 0                          [stack:4831]
7f58930f1000-7f58930f4000 ---p 00000000 00:00 0 
7f58930f4000-7f58931f2000 rw-p 00000000 00:00 0                          [stack:4830]
7f58931f2000-7f58931f3000 ---p 00000000 00:00 0 
7f58931f3000-7f5894000000 rw-p 00000000 00:00 0                          [stack:4829]
7f5894000000-7f5894021000 rw-p 00000000 00:00 0 
7f5894021000-7f5898000000 ---p 00000000 00:00 0 
7f5898005000-7f5898018000 r--s 00346000 00:13 770094                     /usr/lib/jvm/java-8-openjdk/jre/lib/resources.jar
7f5898018000-7f589803e000 r--p 00000000 00:13 686460                     /usr/share/locale/es/LC_MESSAGES/libc.mo
7f589803e000-7f589c000000 rw-p 00000000 00:00 0 
7f589c000000-7f589c021000 rw-p 00000000 00:00 0 
7f589c021000-7f58a0000000 ---p 00000000 00:00 0 
7f58a0000000-7f58a0021000 rw-p 00000000 00:00 0 
7f58a0021000-7f58a4000000 ---p 00000000 00:00 0 
7f58a4000000-7f58a4021000 rw-p 00000000 00:00 0 
7f58a4021000-7f58a8000000 ---p 00000000 00:00 0 
7f58a800c000-7f58a8012000 r--s 00019000 00:13 224949236                  /home/lsonci/.m2/repository/xerces/xmlParserAPIs/2.6.2/xmlParserAPIs-2.6.2.jar
7f58a8012000-7f58a9000000 rw-p 00000000 00:00 0 
7f58a9000000-7f58a9620000 rwxp 00000000 00:00 0 
7f58a9620000-7f58b8000000 ---p 00000000 00:00 0 
7f58b8000000-7f58b8422000 rw-p 00000000 00:00 0 
7f58b8422000-7f58bc000000 ---p 00000000 00:00 0 
7f58bc005000-7f58bc019000 r--s 000e3000 00:13 224949232                  /home/lsonci/.m2/repository/xerces/xercesImpl/2.6.2/xercesImpl-2.6.2.jar
7f58bc019000-7f58bc58c000 rw-p 00000000 00:00 0 
7f58bc58c000-7f58bc75a000 r--s 03bf0000 00:13 770096                     /usr/lib/jvm/java-8-openjdk/jre/lib/rt.jar
7f58bc75a000-7f58bcbac000 rw-p 00000000 00:00 0 
7f58bcbac000-7f58bcbad000 ---p 00000000 00:00 0 
7f58bcbad000-7f58bccad000 rw-p 00000000 00:00 0                          [stack:4828]
7f58bccad000-7f58bccae000 ---p 00000000 00:00 0 
7f58bccae000-7f58bcdae000 rw-p 00000000 00:00 0                          [stack:4827]
7f58bcdae000-7f58bcdaf000 ---p 00000000 00:00 0 
7f58bcdaf000-7f58bceaf000 rw-p 00000000 00:00 0                          [stack:4826]
7f58bceaf000-7f58bceb0000 ---p 00000000 00:00 0 
7f58bceb0000-7f58bcfb0000 rw-p 00000000 00:00 0                          [stack:4825]
7f58bcfb0000-7f58bcfb1000 ---p 00000000 00:00 0 
7f58bcfb1000-7f58bd0b1000 rw-p 00000000 00:00 0                          [stack:4824]
7f58bd0b1000-7f58bd0b2000 ---p 00000000 00:00 0 
7f58bd0b2000-7f58bd1b2000 rw-p 00000000 00:00 0                          [stack:4823]
7f58bd1b2000-7f58bd1b3000 ---p 00000000 00:00 0 
7f58bd1b3000-7f58bd2b3000 rw-p 00000000 00:00 0                          [stack:4822]
7f58bd2b3000-7f58bd2b4000 ---p 00000000 00:00 0 
7f58bd2b4000-7f58bd3de000 rw-p 00000000 00:00 0                          [stack:4821]
7f58bd3de000-7f58bd647000 ---p 00000000 00:00 0 
7f58bd647000-7f58bd671000 rw-p 00000000 00:00 0 
7f58bd671000-7f58bd8d9000 ---p 00000000 00:00 0 
7f58bd8d9000-7f58bd9aa000 rw-p 00000000 00:00 0 
7f58bd9aa000-7f58bda23000 ---p 00000000 00:00 0 
7f58bda23000-7f58bda3d000 rw-p 00000000 00:00 0 
7f58bda3d000-7f58bdde4000 ---p 00000000 00:00 0 
7f58bdde4000-7f58bddec000 r-xp 00000000 00:13 1341838                    /usr/lib/jvm/java-8-openjdk/jre/lib/amd64/libzip.so
7f58bddec000-7f58bdfeb000 ---p 00008000 00:13 1341838                    /usr/lib/jvm/java-8-openjdk/jre/lib/amd64/libzip.so
7f58bdfeb000-7f58bdfec000 rw-p 00007000 00:13 1341838                    /usr/lib/jvm/java-8-openjdk/jre/lib/amd64/libzip.so
7f58bdfec000-7f58be018000 r-xp 00000000 00:13 1341836                    /usr/lib/jvm/java-8-openjdk/jre/lib/amd64/libjava.so
7f58be018000-7f58be218000 ---p 0002c000 00:13 1341836                    /usr/lib/jvm/java-8-openjdk/jre/lib/amd64/libjava.so
7f58be218000-7f58be21a000 rw-p 0002c000 00:13 1341836                    /usr/lib/jvm/java-8-openjdk/jre/lib/amd64/libjava.so
7f58be21a000-7f58be227000 r-xp 00000000 00:13 1336938                    /usr/lib/jvm/java-8-openjdk/jre/lib/amd64/libverify.so
7f58be227000-7f58be426000 ---p 0000d000 00:13 1336938                    /usr/lib/jvm/java-8-openjdk/jre/lib/amd64/libverify.so
7f58be426000-7f58be428000 rw-p 0000c000 00:13 1336938                    /usr/lib/jvm/java-8-openjdk/jre/lib/amd64/libverify.so
7f58be428000-7f58be42f000 r-xp 00000000 00:13 702444                     /usr/lib/librt-2.24.so
7f58be42f000-7f58be62e000 ---p 00007000 00:13 702444                     /usr/lib/librt-2.24.so
7f58be62e000-7f58be62f000 r--p 00006000 00:13 702444                     /usr/lib/librt-2.24.so
7f58be62f000-7f58be630000 rw-p 00007000 00:13 702444                     /usr/lib/librt-2.24.so
7f58be630000-7f58be733000 r-xp 00000000 00:13 702438                     /usr/lib/libm-2.24.so
7f58be733000-7f58be932000 ---p 00103000 00:13 702438                     /usr/lib/libm-2.24.so
7f58be932000-7f58be933000 r--p 00102000 00:13 702438                     /usr/lib/libm-2.24.so
7f58be933000-7f58be934000 rw-p 00103000 00:13 702438                     /usr/lib/libm-2.24.so
7f58be934000-7f58bf594000 r-xp 00000000 00:13 2852880                    /usr/lib/jvm/java-8-openjdk/jre/lib/amd64/server/libjvm.so
7f58bf594000-7f58bf794000 ---p 00c60000 00:13 2852880                    /usr/lib/jvm/java-8-openjdk/jre/lib/amd64/server/libjvm.so
7f58bf794000-7f58bf850000 rw-p 00c60000 00:13 2852880                    /usr/lib/jvm/java-8-openjdk/jre/lib/amd64/server/libjvm.so
7f58bf850000-7f58bf880000 rw-p 00000000 00:00 0 
7f58bf880000-7f58bfa15000 r-xp 00000000 00:13 702240                     /usr/lib/libc-2.24.so
7f58bfa15000-7f58bfc14000 ---p 00195000 00:13 702240                     /usr/lib/libc-2.24.so
7f58bfc14000-7f58bfc18000 r--p 00194000 00:13 702240                     /usr/lib/libc-2.24.so
7f58bfc18000-7f58bfc1a000 rw-p 00198000 00:13 702240                     /usr/lib/libc-2.24.so
7f58bfc1a000-7f58bfc1e000 rw-p 00000000 00:00 0 
7f58bfc1e000-7f58bfc20000 r-xp 00000000 00:13 702436                     /usr/lib/libdl-2.24.so
7f58bfc20000-7f58bfe20000 ---p 00002000 00:13 702436                     /usr/lib/libdl-2.24.so
7f58bfe20000-7f58bfe21000 r--p 00002000 00:13 702436                     /usr/lib/libdl-2.24.so
7f58bfe21000-7f58bfe22000 rw-p 00003000 00:13 702436                     /usr/lib/libdl-2.24.so
7f58bfe22000-7f58bfe2f000 r-xp 00000000 00:13 2852874                    /usr/lib/jvm/java-8-openjdk/jre/lib/amd64/jli/libjli.so
7f58bfe2f000-7f58c002e000 ---p 0000d000 00:13 2852874                    /usr/lib/jvm/java-8-openjdk/jre/lib/amd64/jli/libjli.so
7f58c002e000-7f58c002f000 rw-p 0000c000 00:13 2852874                    /usr/lib/jvm/java-8-openjdk/jre/lib/amd64/jli/libjli.so
7f58c002f000-7f58c0044000 r-xp 00000000 00:13 923584                     /usr/lib/libz.so.1.2.8
7f58c0044000-7f58c0243000 ---p 00015000 00:13 923584                     /usr/lib/libz.so.1.2.8
7f58c0243000-7f58c0244000 r--p 00014000 00:13 923584                     /usr/lib/libz.so.1.2.8
7f58c0244000-7f58c0245000 rw-p 00015000 00:13 923584                     /usr/lib/libz.so.1.2.8
7f58c0245000-7f58c025d000 r-xp 00000000 00:13 702186                     /usr/lib/libpthread-2.24.so
7f58c025d000-7f58c045c000 ---p 00018000 00:13 702186                     /usr/lib/libpthread-2.24.so
7f58c045c000-7f58c045d000 r--p 00017000 00:13 702186                     /usr/lib/libpthread-2.24.so
7f58c045d000-7f58c045e000 rw-p 00018000 00:13 702186                     /usr/lib/libpthread-2.24.so
7f58c045e000-7f58c0462000 rw-p 00000000 00:00 0 
7f58c0462000-7f58c0485000 r-xp 00000000 00:13 702238                     /usr/lib/ld-2.24.so
7f58c048a000-7f58c048c000 r--s 0000c000 00:13 224949228                  /home/lsonci/.m2/repository/junit-addons/junit-addons/1.4/junit-addons-1.4.jar
7f58c048c000-7f58c0490000 r--s 0002f000 00:13 224938774                  /home/lsonci/.m2/repository/commons-io/commons-io/2.5/commons-io-2.5.jar
7f58c0490000-7f58c0492000 r--s 00007000 00:13 224949224                  /home/lsonci/.m2/repository/jmagick/jmagick/6.6.9/jmagick-6.6.9.jar
7f58c0492000-7f58c050e000 rw-p 00000000 00:00 0 
7f58c050e000-7f58c0511000 ---p 00000000 00:00 0 
7f58c0511000-7f58c0611000 rw-p 00000000 00:00 0                          [stack:4820]
7f58c0612000-7f58c0615000 r--s 00025000 00:13 224949220                  /home/lsonci/.m2/repository/org/im4java/im4java/1.4.0/im4java-1.4.0.jar
7f58c0615000-7f58c0617000 r--s 00009000 00:13 224949216                  /home/lsonci/.m2/repository/org/hamcrest/hamcrest-core/1.3/hamcrest-core-1.3.jar
7f58c0617000-7f58c061f000 r--s 00045000 00:13 224949212                  /home/lsonci/.m2/repository/junit/junit/4.12/junit-4.12.jar
7f58c061f000-7f58c0624000 r--s 00041000 00:13 224966536                  /home/lsonci/.m2/repository/commons-lang/commons-lang/2.6/commons-lang-2.6.jar
7f58c0624000-7f58c0629000 r--s 002f9000 00:13 770088                     /usr/lib/jvm/java-8-openjdk/jre/lib/charsets.jar
7f58c0629000-7f58c0678000 rw-p 00000000 00:00 0 
7f58c0678000-7f58c0680000 rw-s 00000000 00:23 145752                     /tmp/hsperfdata_lsonci/4815
7f58c0680000-7f58c0681000 rw-p 00000000 00:00 0 
7f58c0681000-7f58c0682000 ---p 00000000 00:00 0 
7f58c0682000-7f58c0684000 rw-p 00000000 00:00 0 
7f58c0684000-7f58c0685000 r--p 00022000 00:13 702238                     /usr/lib/ld-2.24.so
7f58c0685000-7f58c0686000 rw-p 00023000 00:13 702238                     /usr/lib/ld-2.24.so
7f58c0686000-7f58c0687000 rw-p 00000000 00:00 0 
7ffff29ff000-7ffff2a20000 rw-p 00000000 00:00 0                          [stack]
7ffff2a44000-7ffff2a46000 r--p 00000000 00:00 0                          [vvar]
7ffff2a46000-7ffff2a48000 r-xp 00000000 00:00 0                          [vdso]
ffffffffff600000-ffffffffff601000 r-xp 00000000 00:00 0                  [vsyscall]

VM Arguments:
jvm_args: -Dfile.encoding=UTF-8 
java_command: view.main.Main
java_class_path (initial): /home/lsonci/Documentos/ATI/target/test-classes:/home/lsonci/Documentos/ATI/target/classes:/home/lsonci/.m2/repository/commons-lang/commons-lang/2.6/commons-lang-2.6.jar:/home/lsonci/.m2/repository/junit/junit/4.12/junit-4.12.jar:/home/lsonci/.m2/repository/org/hamcrest/hamcrest-core/1.3/hamcrest-core-1.3.jar:/home/lsonci/.m2/repository/org/im4java/im4java/1.4.0/im4java-1.4.0.jar:/home/lsonci/.m2/repository/jmagick/jmagick/6.6.9/jmagick-6.6.9.jar:/home/lsonci/.m2/repository/commons-io/commons-io/2.5/commons-io-2.5.jar:/home/lsonci/.m2/repository/junit-addons/junit-addons/1.4/junit-addons-1.4.jar:/home/lsonci/.m2/repository/xerces/xercesImpl/2.6.2/xercesImpl-2.6.2.jar:/home/lsonci/.m2/repository/xerces/xmlParserAPIs/2.6.2/xmlParserAPIs-2.6.2.jar
Launcher Type: SUN_STANDARD

Environment Variables:
PATH=/usr/local/sbin:/usr/local/bin:/usr/bin:/opt/cuda/bin:/usr/lib/emscripten:/usr/lib/jvm/default/bin:/usr/bin/site_perl:/usr/bin/vendor_perl:/usr/bin/core_perl
SHELL=/bin/bash
DISPLAY=:0

Signal Handlers:
SIGSEGV: [libjvm.so+0xa64890], sa_mask[0]=11111111011111111101111111111110, sa_flags=SA_RESTART|SA_SIGINFO
SIGBUS: [libjvm.so+0xa64890], sa_mask[0]=11111111011111111101111111111110, sa_flags=SA_RESTART|SA_SIGINFO
SIGFPE: [libjvm.so+0x8afab0], sa_mask[0]=11111111011111111101111111111110, sa_flags=SA_RESTART|SA_SIGINFO
SIGPIPE: [libjvm.so+0x8afab0], sa_mask[0]=11111111011111111101111111111110, sa_flags=SA_RESTART|SA_SIGINFO
SIGXFSZ: [libjvm.so+0x8afab0], sa_mask[0]=11111111011111111101111111111110, sa_flags=SA_RESTART|SA_SIGINFO
SIGILL: [libjvm.so+0x8afab0], sa_mask[0]=11111111011111111101111111111110, sa_flags=SA_RESTART|SA_SIGINFO
SIGUSR1: SIG_DFL, sa_mask[0]=00000000000000000000000000000000, sa_flags=none
SIGUSR2: [libjvm.so+0x8af960], sa_mask[0]=00100000000000000000000000000000, sa_flags=SA_RESTART|SA_SIGINFO
SIGHUP: [libjvm.so+0x8afe10], sa_mask[0]=11111111011111111101111111111110, sa_flags=SA_RESTART|SA_SIGINFO
SIGINT: [libjvm.so+0x8afe10], sa_mask[0]=11111111011111111101111111111110, sa_flags=SA_RESTART|SA_SIGINFO
SIGTERM: [libjvm.so+0x8afe10], sa_mask[0]=11111111011111111101111111111110, sa_flags=SA_RESTART|SA_SIGINFO
SIGQUIT: [libjvm.so+0x8afe10], sa_mask[0]=11111111011111111101111111111110, sa_flags=SA_RESTART|SA_SIGINFO


---------------  S Y S T E M  ---------------

OS:LSB_VERSION=1.4
DISTRIB_ID=Arch
DISTRIB_RELEASE=rolling
DISTRIB_DESCRIPTION="Arch Linux"

uname:Linux 4.4.5-1-ARCH #1 SMP PREEMPT Thu Mar 10 07:38:19 CET 2016 x86_64
libc:glibc 2.24 NPTL 2.24 
rlimit: STACK 8192k, CORE infinity, NPROC 31548, NOFILE 4096, AS infinity
load average:0,10 0,14 0,19

/proc/meminfo:
MemTotal:        8086344 kB
MemFree:           63840 kB
MemAvailable:     191632 kB
Buffers:               0 kB
Cached:          5153872 kB
SwapCached:            0 kB
Active:          6110696 kB
Inactive:        1652052 kB
Active(anon):    6053948 kB
Inactive(anon):  1602624 kB
Active(file):      56748 kB
Inactive(file):    49428 kB
Unevictable:          88 kB
Mlocked:              88 kB
SwapTotal:             0 kB
SwapFree:              0 kB
Dirty:                 0 kB
Writeback:             0 kB
AnonPages:       2609044 kB
Mapped:           148144 kB
Shmem:           5047688 kB
Slab:             129252 kB
SReclaimable:      63940 kB
SUnreclaim:        65312 kB
KernelStack:       13072 kB
PageTables:        55072 kB
NFS_Unstable:          0 kB
Bounce:                0 kB
WritebackTmp:          0 kB
CommitLimit:     4043172 kB
Committed_AS:   12497308 kB
VmallocTotal:   34359738367 kB
VmallocUsed:           0 kB
VmallocChunk:          0 kB
HardwareCorrupted:     0 kB
AnonHugePages:   1458176 kB
HugePages_Total:       0
HugePages_Free:        0
HugePages_Rsvd:        0
HugePages_Surp:        0
Hugepagesize:       2048 kB
DirectMap4k:      168568 kB
DirectMap2M:     7077888 kB
DirectMap1G:     2097152 kB


CPU:total 8 (4 cores per cpu, 2 threads per core) family 6 model 60 stepping 3, cmov, cx8, fxsr, mmx, sse, sse2, sse3, ssse3, sse4.1, sse4.2, popcnt, avx, avx2, aes, clmul, erms, rtm, lzcnt, ht, tsc, tscinvbit, bmi1, bmi2

/proc/cpuinfo:
processor	: 0
vendor_id	: GenuineIntel
cpu family	: 6
model		: 60
model name	: Intel(R) Core(TM) i7-4790 CPU @ 3.60GHz
stepping	: 3
microcode	: 0x17
cpu MHz		: 3826.125
cache size	: 8192 KB
physical id	: 0
siblings	: 8
core id		: 0
cpu cores	: 4
apicid		: 0
initial apicid	: 0
fpu		: yes
fpu_exception	: yes
cpuid level	: 13
wp		: yes
flags		: fpu vme de pse tsc msr pae mce cx8 apic sep mtrr pge mca cmov pat pse36 clflush dts acpi mmx fxsr sse sse2 ss ht tm pbe syscall nx pdpe1gb rdtscp lm constant_tsc arch_perfmon pebs bts rep_good nopl xtopology nonstop_tsc aperfmperf eagerfpu pni pclmulqdq dtes64 monitor ds_cpl vmx smx est tm2 ssse3 sdbg fma cx16 xtpr pdcm pcid sse4_1 sse4_2 x2apic movbe popcnt tsc_deadline_timer aes xsave avx f16c rdrand lahf_lm abm ida arat epb pln pts dtherm tpr_shadow vnmi flexpriority ept vpid fsgsbase tsc_adjust bmi1 hle avx2 smep bmi2 erms invpcid rtm xsaveopt
bugs		:
bogomips	: 7186.02
clflush size	: 64
cache_alignment	: 64
address sizes	: 39 bits physical, 48 bits virtual
power management:

processor	: 1
vendor_id	: GenuineIntel
cpu family	: 6
model		: 60
model name	: Intel(R) Core(TM) i7-4790 CPU @ 3.60GHz
stepping	: 3
microcode	: 0x17
cpu MHz		: 3990.093
cache size	: 8192 KB
physical id	: 0
siblings	: 8
core id		: 1
cpu cores	: 4
apicid		: 2
initial apicid	: 2
fpu		: yes
fpu_exception	: yes
cpuid level	: 13
wp		: yes
flags		: fpu vme de pse tsc msr pae mce cx8 apic sep mtrr pge mca cmov pat pse36 clflush dts acpi mmx fxsr sse sse2 ss ht tm pbe syscall nx pdpe1gb rdtscp lm constant_tsc arch_perfmon pebs bts rep_good nopl xtopology nonstop_tsc aperfmperf eagerfpu pni pclmulqdq dtes64 monitor ds_cpl vmx smx est tm2 ssse3 sdbg fma cx16 xtpr pdcm pcid sse4_1 sse4_2 x2apic movbe popcnt tsc_deadline_timer aes xsave avx f16c rdrand lahf_lm abm ida arat epb pln pts dtherm tpr_shadow vnmi flexpriority ept vpid fsgsbase tsc_adjust bmi1 hle avx2 smep bmi2 erms invpcid rtm xsaveopt
bugs		:
bogomips	: 7186.02
clflush size	: 64
cache_alignment	: 64
address sizes	: 39 bits physical, 48 bits virtual
power management:

processor	: 2
vendor_id	: GenuineIntel
cpu family	: 6
model		: 60
model name	: Intel(R) Core(TM) i7-4790 CPU @ 3.60GHz
stepping	: 3
microcode	: 0x17
cpu MHz		: 3900.515
cache size	: 8192 KB
physical id	: 0
siblings	: 8
core id		: 2
cpu cores	: 4
apicid		: 4
initial apicid	: 4
fpu		: yes
fpu_exception	: yes
cpuid level	: 13
wp		: yes
flags		: fpu vme de pse tsc msr pae mce cx8 apic sep mtrr pge mca cmov pat pse36 clflush dts acpi mmx fxsr sse sse2 ss ht tm pbe syscall nx pdpe1gb rdtscp lm constant_tsc arch_perfmon pebs bts rep_good nopl xtopology nonstop_tsc aperfmperf eagerfpu pni pclmulqdq dtes64 monitor ds_cpl vmx smx est tm2 ssse3 sdbg fma cx16 xtpr pdcm pcid sse4_1 sse4_2 x2apic movbe popcnt tsc_deadline_timer aes xsave avx f16c rdrand lahf_lm abm ida arat epb pln pts dtherm tpr_shadow vnmi flexpriority ept vpid fsgsbase tsc_adjust bmi1 hle avx2 smep bmi2 erms invpcid rtm xsaveopt
bugs		:
bogomips	: 7186.02
clflush size	: 64
cache_alignment	: 64
address sizes	: 39 bits physical, 48 bits virtual
power management:

processor	: 3
vendor_id	: GenuineIntel
cpu family	: 6
model		: 60
model name	: Intel(R) Core(TM) i7-4790 CPU @ 3.60GHz
stepping	: 3
microcode	: 0x17
cpu MHz		: 3892.500
cache size	: 8192 KB
physical id	: 0
siblings	: 8
core id		: 3
cpu cores	: 4
apicid		: 6
initial apicid	: 6
fpu		: yes
fpu_exception	: yes
cpuid level	: 13
wp		: yes
flags		: fpu vme de pse tsc msr pae mce cx8 apic sep mtrr pge mca cmov pat pse36 clflush dts acpi mmx fxsr sse sse2 ss ht tm pbe syscall nx pdpe1gb rdtscp lm constant_tsc arch_perfmon pebs bts rep_good nopl xtopology nonstop_tsc aperfmperf eagerfpu pni pclmulqdq dtes64 monitor ds_cpl vmx smx est tm2 ssse3 sdbg fma cx16 xtpr pdcm pcid sse4_1 sse4_2 x2apic movbe popcnt tsc_deadline_timer aes xsave avx f16c rdrand lahf_lm abm ida arat epb pln pts dtherm tpr_shadow vnmi flexpriority ept vpid fsgsbase tsc_adjust bmi1 hle avx2 smep bmi2 erms invpcid rtm xsaveopt
bugs		:
bogomips	: 7186.02
clflush size	: 64
cache_alignment	: 64
address sizes	: 39 bits physical, 48 bits virtual
power management:

processor	: 4
vendor_id	: GenuineIntel
cpu family	: 6
model		: 60
model name	: Intel(R) Core(TM) i7-4790 CPU @ 3.60GHz
stepping	: 3
microcode	: 0x17
cpu MHz		: 3835.546
cache size	: 8192 KB
physical id	: 0
siblings	: 8
core id		: 0
cpu cores	: 4
apicid		: 1
initial apicid	: 1
fpu		: yes
fpu_exception	: yes
cpuid level	: 13
wp		: yes
flags		: fpu vme de pse tsc msr pae mce cx8 apic sep mtrr pge mca cmov pat pse36 clflush dts acpi mmx fxsr sse sse2 ss ht tm pbe syscall nx pdpe1gb rdtscp lm constant_tsc arch_perfmon pebs bts rep_good nopl xtopology nonstop_tsc aperfmperf eagerfpu pni pclmulqdq dtes64 monitor ds_cpl vmx smx est tm2 ssse3 sdbg fma cx16 xtpr pdcm pcid sse4_1 sse4_2 x2apic movbe popcnt tsc_deadline_timer aes xsave avx f16c rdrand lahf_lm abm ida arat epb pln pts dtherm tpr_shadow vnmi flexpriority ept vpid fsgsbase tsc_adjust bmi1 hle avx2 smep bmi2 erms invpcid rtm xsaveopt
bugs		:
bogomips	: 7186.02
clflush size	: 64
cache_alignment	: 64
address sizes	: 39 bits physical, 48 bits virtual
power management:

processor	: 5
vendor_id	: GenuineIntel
cpu family	: 6
model		: 60
model name	: Intel(R) Core(TM) i7-4790 CPU @ 3.60GHz
stepping	: 3
microcode	: 0x17
cpu MHz		: 3892.921
cache size	: 8192 KB
physical id	: 0
siblings	: 8
core id		: 1
cpu cores	: 4
apicid		: 3
initial apicid	: 3
fpu		: yes
fpu_exception	: yes
cpuid level	: 13
wp		: yes
flags		: fpu vme de pse tsc msr pae mce cx8 apic sep mtrr pge mca cmov pat pse36 clflush dts acpi mmx fxsr sse sse2 ss ht tm pbe syscall nx pdpe1gb rdtscp lm constant_tsc arch_perfmon pebs bts rep_good nopl xtopology nonstop_tsc aperfmperf eagerfpu pni pclmulqdq dtes64 monitor ds_cpl vmx smx est tm2 ssse3 sdbg fma cx16 xtpr pdcm pcid sse4_1 sse4_2 x2apic movbe popcnt tsc_deadline_timer aes xsave avx f16c rdrand lahf_lm abm ida arat epb pln pts dtherm tpr_shadow vnmi flexpriority ept vpid fsgsbase tsc_adjust bmi1 hle avx2 smep bmi2 erms invpcid rtm xsaveopt
bugs		:
bogomips	: 7186.02
clflush size	: 64
cache_alignment	: 64
address sizes	: 39 bits physical, 48 bits virtual
power management:

processor	: 6
vendor_id	: GenuineIntel
cpu family	: 6
model		: 60
model name	: Intel(R) Core(TM) i7-4790 CPU @ 3.60GHz
stepping	: 3
microcode	: 0x17
cpu MHz		: 3853.546
cache size	: 8192 KB
physical id	: 0
siblings	: 8
core id		: 2
cpu cores	: 4
apicid		: 5
initial apicid	: 5
fpu		: yes
fpu_exception	: yes
cpuid level	: 13
wp		: yes
flags		: fpu vme de pse tsc msr pae mce cx8 apic sep mtrr pge mca cmov pat pse36 clflush dts acpi mmx fxsr sse sse2 ss ht tm pbe syscall nx pdpe1gb rdtscp lm constant_tsc arch_perfmon pebs bts rep_good nopl xtopology nonstop_tsc aperfmperf eagerfpu pni pclmulqdq dtes64 monitor ds_cpl vmx smx est tm2 ssse3 sdbg fma cx16 xtpr pdcm pcid sse4_1 sse4_2 x2apic movbe popcnt tsc_deadline_timer aes xsave avx f16c rdrand lahf_lm abm ida arat epb pln pts dtherm tpr_shadow vnmi flexpriority ept vpid fsgsbase tsc_adjust bmi1 hle avx2 smep bmi2 erms invpcid rtm xsaveopt
bugs		:
bogomips	: 7186.02
clflush size	: 64
cache_alignment	: 64
address sizes	: 39 bits physical, 48 bits virtual
power management:

processor	: 7
vendor_id	: GenuineIntel
cpu family	: 6
model		: 60
model name	: Intel(R) Core(TM) i7-4790 CPU @ 3.60GHz
stepping	: 3
microcode	: 0x17
cpu MHz		: 3986.015
cache size	: 8192 KB
physical id	: 0
siblings	: 8
core id		: 3
cpu cores	: 4
apicid		: 7
initial apicid	: 7
fpu		: yes
fpu_exception	: yes
cpuid level	: 13
wp		: yes
flags		: fpu vme de pse tsc msr pae mce cx8 apic sep mtrr pge mca cmov pat pse36 clflush dts acpi mmx fxsr sse sse2 ss ht tm pbe syscall nx pdpe1gb rdtscp lm constant_tsc arch_perfmon pebs bts rep_good nopl xtopology nonstop_tsc aperfmperf eagerfpu pni pclmulqdq dtes64 monitor ds_cpl vmx smx est tm2 ssse3 sdbg fma cx16 xtpr pdcm pcid sse4_1 sse4_2 x2apic movbe popcnt tsc_deadline_timer aes xsave avx f16c rdrand lahf_lm abm ida arat epb pln pts dtherm tpr_shadow vnmi flexpriority ept vpid fsgsbase tsc_adjust bmi1 hle avx2 smep bmi2 erms invpcid rtm xsaveopt
bugs		:
bogomips	: 7186.02
clflush size	: 64
cache_alignment	: 64
address sizes	: 39 bits physical, 48 bits virtual
power management:



Memory: 4k page, physical 8086344k(63840k free), swap 0k(0k free)

vm_info: OpenJDK 64-Bit Server VM (25.102-b14) for linux-amd64 JRE (1.8.0_102-b14), built on Jul 27 2016 07:46:42 by "builduser" with gcc 6.1.1 20160707

time: Thu Sep 29 16:39:19 2016
elapsed time: 41 seconds (0d 0h 0m 41s)

